{"/home/cwnelson/Dev/portfolio/pantry-bot/src/app.ts": {"path":"/home/cwnelson/Dev/portfolio/pantry-bot/src/app.ts","statementMap":{"0":{"start":{"line":19,"column":6},"end":{"line":19,"column":null}},"1":{"start":{"line":21,"column":6},"end":{"line":21,"column":null}},"2":{"start":{"line":24,"column":0},"end":{"line":24,"column":null}},"3":{"start":{"line":27,"column":0},"end":{"line":27,"column":null}},"4":{"start":{"line":28,"column":0},"end":{"line":28,"column":null}},"5":{"start":{"line":31,"column":0},"end":{"line":31,"column":null}},"6":{"start":{"line":34,"column":0},"end":{"line":34,"column":null}},"7":{"start":{"line":37,"column":0},"end":{"line":37,"column":null}},"8":{"start":{"line":38,"column":0},"end":{"line":38,"column":null}},"9":{"start":{"line":41,"column":0},"end":{"line":58,"column":null}},"10":{"start":{"line":61,"column":0},"end":{"line":61,"column":null}},"11":{"start":{"line":62,"column":0},"end":{"line":62,"column":null}},"12":{"start":{"line":63,"column":0},"end":{"line":63,"column":null}},"13":{"start":{"line":66,"column":0},"end":{"line":66,"column":null}},"14":{"start":{"line":67,"column":0},"end":{"line":67,"column":null}},"15":{"start":{"line":68,"column":0},"end":{"line":68,"column":null}},"16":{"start":{"line":69,"column":0},"end":{"line":69,"column":null}},"17":{"start":{"line":70,"column":0},"end":{"line":70,"column":null}},"18":{"start":{"line":71,"column":0},"end":{"line":71,"column":null}},"19":{"start":{"line":74,"column":0},"end":{"line":79,"column":null}},"20":{"start":{"line":75,"column":2},"end":{"line":78,"column":null}},"21":{"start":{"line":82,"column":0},"end":{"line":82,"column":null}}},"fnMap":{"0":{"name":"(anonymous_0)","decl":{"start":{"line":74,"column":8},"end":{"line":74,"column":9}},"loc":{"start":{"line":74,"column":22},"end":{"line":79,"column":1}},"line":74}},"branchMap":{},"s":{"0":7,"1":7,"2":7,"3":7,"4":7,"5":7,"6":7,"7":7,"8":7,"9":7,"10":7,"11":7,"12":7,"13":7,"14":7,"15":7,"16":7,"17":7,"18":7,"19":7,"20":0,"21":7},"f":{"0":0},"b":{},"meta":{"lastBranch":0,"lastFunction":1,"lastStatement":22,"seen":{"s:19:6:19:Infinity":0,"s:21:6:21:Infinity":1,"s:24:0:24:Infinity":2,"s:27:0:27:Infinity":3,"s:28:0:28:Infinity":4,"s:31:0:31:Infinity":5,"s:34:0:34:Infinity":6,"s:37:0:37:Infinity":7,"s:38:0:38:Infinity":8,"s:41:0:58:Infinity":9,"s:61:0:61:Infinity":10,"s:62:0:62:Infinity":11,"s:63:0:63:Infinity":12,"s:66:0:66:Infinity":13,"s:67:0:67:Infinity":14,"s:68:0:68:Infinity":15,"s:69:0:69:Infinity":16,"s:70:0:70:Infinity":17,"s:71:0:71:Infinity":18,"s:74:0:79:Infinity":19,"f:74:8:74:9":0,"s:75:2:78:Infinity":20,"s:82:0:82:Infinity":21}}}
,"/home/cwnelson/Dev/portfolio/pantry-bot/src/config.ts": {"path":"/home/cwnelson/Dev/portfolio/pantry-bot/src/config.ts","statementMap":{"0":{"start":{"line":3,"column":22},"end":{"line":34,"column":null}}},"fnMap":{},"branchMap":{"0":{"loc":{"start":{"line":4,"column":17},"end":{"line":4,"column":43}},"type":"binary-expr","locations":[{"start":{"line":4,"column":17},"end":{"line":4,"column":37}},{"start":{"line":4,"column":37},"end":{"line":4,"column":43}}],"line":4},"1":{"loc":{"start":{"line":5,"column":11},"end":{"line":5,"column":null}},"type":"binary-expr","locations":[{"start":{"line":5,"column":11},"end":{"line":5,"column":35}},{"start":{"line":5,"column":35},"end":{"line":5,"column":null}}],"line":5},"2":{"loc":{"start":{"line":8,"column":10},"end":{"line":8,"column":null}},"type":"binary-expr","locations":[{"start":{"line":8,"column":10},"end":{"line":8,"column":33}},{"start":{"line":8,"column":33},"end":{"line":8,"column":null}}],"line":8},"3":{"loc":{"start":{"line":9,"column":19},"end":{"line":9,"column":48}},"type":"binary-expr","locations":[{"start":{"line":9,"column":19},"end":{"line":9,"column":42}},{"start":{"line":9,"column":42},"end":{"line":9,"column":48}}],"line":9},"4":{"loc":{"start":{"line":10,"column":10},"end":{"line":10,"column":null}},"type":"binary-expr","locations":[{"start":{"line":10,"column":10},"end":{"line":10,"column":33}},{"start":{"line":10,"column":33},"end":{"line":10,"column":null}}],"line":10},"5":{"loc":{"start":{"line":11,"column":10},"end":{"line":11,"column":null}},"type":"binary-expr","locations":[{"start":{"line":11,"column":10},"end":{"line":11,"column":33}},{"start":{"line":11,"column":33},"end":{"line":11,"column":null}}],"line":11},"6":{"loc":{"start":{"line":12,"column":14},"end":{"line":12,"column":null}},"type":"binary-expr","locations":[{"start":{"line":12,"column":14},"end":{"line":12,"column":41}},{"start":{"line":12,"column":41},"end":{"line":12,"column":null}}],"line":12},"7":{"loc":{"start":{"line":16,"column":12},"end":{"line":16,"column":null}},"type":"binary-expr","locations":[{"start":{"line":16,"column":12},"end":{"line":16,"column":42}},{"start":{"line":16,"column":42},"end":{"line":16,"column":null}}],"line":16},"8":{"loc":{"start":{"line":20,"column":12},"end":{"line":20,"column":null}},"type":"binary-expr","locations":[{"start":{"line":20,"column":12},"end":{"line":20,"column":47}},{"start":{"line":20,"column":47},"end":{"line":20,"column":null}}],"line":20},"9":{"loc":{"start":{"line":25,"column":12},"end":{"line":25,"column":null}},"type":"binary-expr","locations":[{"start":{"line":25,"column":12},"end":{"line":25,"column":45}},{"start":{"line":25,"column":45},"end":{"line":25,"column":null}}],"line":25},"10":{"loc":{"start":{"line":29,"column":12},"end":{"line":29,"column":null}},"type":"binary-expr","locations":[{"start":{"line":29,"column":12},"end":{"line":29,"column":40}},{"start":{"line":29,"column":40},"end":{"line":29,"column":null}}],"line":29}},"s":{"0":7},"f":{},"b":{"0":[7,0],"1":[7,0],"2":[7,0],"3":[7,0],"4":[7,0],"5":[7,0],"6":[7,0],"7":[7,0],"8":[7,0],"9":[7,0],"10":[7,0]},"meta":{"lastBranch":11,"lastFunction":0,"lastStatement":1,"seen":{"s:3:22:34:Infinity":0,"b:4:17:4:37:4:37:4:43":0,"b:5:11:5:35:5:35:5:Infinity":1,"b:8:10:8:33:8:33:8:Infinity":2,"b:9:19:9:42:9:42:9:48":3,"b:10:10:10:33:10:33:10:Infinity":4,"b:11:10:11:33:11:33:11:Infinity":5,"b:12:14:12:41:12:41:12:Infinity":6,"b:16:12:16:42:16:42:16:Infinity":7,"b:20:12:20:47:20:47:20:Infinity":8,"b:25:12:25:45:25:45:25:Infinity":9,"b:29:12:29:40:29:40:29:Infinity":10}}}
,"/home/cwnelson/Dev/portfolio/pantry-bot/src/db/client.ts": {"path":"/home/cwnelson/Dev/portfolio/pantry-bot/src/db/client.ts","statementMap":{"0":{"start":{"line":6,"column":20},"end":{"line":13,"column":null}},"1":{"start":{"line":15,"column":13},"end":{"line":15,"column":null}},"2":{"start":{"line":18,"column":17},"end":{"line":18,"column":null}},"3":{"start":{"line":19,"column":2},"end":{"line":124,"column":null}},"4":{"start":{"line":20,"column":4},"end":{"line":120,"column":null}},"5":{"start":{"line":121,"column":4},"end":{"line":121,"column":null}},"6":{"start":{"line":123,"column":4},"end":{"line":123,"column":null}}},"fnMap":{"0":{"name":"initializeDatabase","decl":{"start":{"line":17,"column":22},"end":{"line":17,"column":43}},"loc":{"start":{"line":17,"column":43},"end":{"line":125,"column":null}},"line":17}},"branchMap":{"0":{"loc":{"start":{"line":12,"column":7},"end":{"line":12,"column":null}},"type":"cond-expr","locations":[{"start":{"line":12,"column":41},"end":{"line":12,"column":73}},{"start":{"line":12,"column":73},"end":{"line":12,"column":null}}],"line":12}},"s":{"0":0,"1":0,"2":0,"3":0,"4":0,"5":0,"6":0},"f":{"0":0},"b":{"0":[0,0]},"meta":{"lastBranch":1,"lastFunction":1,"lastStatement":7,"seen":{"s:6:20:13:Infinity":0,"b:12:41:12:73:12:73:12:Infinity":0,"s:15:13:15:Infinity":1,"f:17:22:17:43":0,"s:18:17:18:Infinity":2,"s:19:2:124:Infinity":3,"s:20:4:120:Infinity":4,"s:121:4:121:Infinity":5,"s:123:4:123:Infinity":6}}}
,"/home/cwnelson/Dev/portfolio/pantry-bot/src/db/schema.ts": {"path":"/home/cwnelson/Dev/portfolio/pantry-bot/src/db/schema.ts","statementMap":{"0":{"start":{"line":18,"column":13},"end":{"line":25,"column":null}},"1":{"start":{"line":27,"column":13},"end":{"line":35,"column":null}},"2":{"start":{"line":27,"column":67},"end":{"line":35,"column":2}},"3":{"start":{"line":39,"column":13},"end":{"line":61,"column":null}},"4":{"start":{"line":44,"column":22},"end":{"line":44,"column":32}},"5":{"start":{"line":63,"column":13},"end":{"line":71,"column":null}},"6":{"start":{"line":65,"column":16},"end":{"line":70,"column":null}},"7":{"start":{"line":75,"column":13},"end":{"line":96,"column":null}},"8":{"start":{"line":81,"column":24},"end":{"line":81,"column":34}},"9":{"start":{"line":93,"column":14},"end":{"line":95,"column":null}},"10":{"start":{"line":98,"column":13},"end":{"line":103,"column":null}},"11":{"start":{"line":98,"column":73},"end":{"line":103,"column":2}},"12":{"start":{"line":107,"column":13},"end":{"line":129,"column":null}},"13":{"start":{"line":113,"column":24},"end":{"line":113,"column":34}},"14":{"start":{"line":126,"column":14},"end":{"line":128,"column":null}},"15":{"start":{"line":131,"column":13},"end":{"line":137,"column":null}},"16":{"start":{"line":131,"column":81},"end":{"line":137,"column":2}},"17":{"start":{"line":141,"column":13},"end":{"line":174,"column":null}},"18":{"start":{"line":147,"column":24},"end":{"line":147,"column":34}},"19":{"start":{"line":149,"column":52},"end":{"line":149,"column":69}},"20":{"start":{"line":168,"column":14},"end":{"line":173,"column":null}},"21":{"start":{"line":176,"column":13},"end":{"line":185,"column":null}},"22":{"start":{"line":176,"column":77},"end":{"line":185,"column":2}}},"fnMap":{"0":{"name":"(anonymous_0)","decl":{"start":{"line":27,"column":47},"end":{"line":27,"column":48}},"loc":{"start":{"line":27,"column":67},"end":{"line":35,"column":2}},"line":27},"1":{"name":"(anonymous_1)","decl":{"start":{"line":44,"column":16},"end":{"line":44,"column":22}},"loc":{"start":{"line":44,"column":22},"end":{"line":44,"column":32}},"line":44},"2":{"name":"(anonymous_2)","decl":{"start":{"line":65,"column":2},"end":{"line":65,"column":3}},"loc":{"start":{"line":65,"column":16},"end":{"line":70,"column":null}},"line":65},"3":{"name":"(anonymous_3)","decl":{"start":{"line":81,"column":18},"end":{"line":81,"column":24}},"loc":{"start":{"line":81,"column":24},"end":{"line":81,"column":34}},"line":81},"4":{"name":"(anonymous_4)","decl":{"start":{"line":93,"column":2},"end":{"line":93,"column":3}},"loc":{"start":{"line":93,"column":14},"end":{"line":95,"column":null}},"line":93},"5":{"name":"(anonymous_5)","decl":{"start":{"line":98,"column":59},"end":{"line":98,"column":60}},"loc":{"start":{"line":98,"column":73},"end":{"line":103,"column":2}},"line":98},"6":{"name":"(anonymous_6)","decl":{"start":{"line":113,"column":18},"end":{"line":113,"column":24}},"loc":{"start":{"line":113,"column":24},"end":{"line":113,"column":34}},"line":113},"7":{"name":"(anonymous_7)","decl":{"start":{"line":126,"column":2},"end":{"line":126,"column":3}},"loc":{"start":{"line":126,"column":14},"end":{"line":128,"column":null}},"line":126},"8":{"name":"(anonymous_8)","decl":{"start":{"line":131,"column":61},"end":{"line":131,"column":62}},"loc":{"start":{"line":131,"column":81},"end":{"line":137,"column":2}},"line":131},"9":{"name":"(anonymous_9)","decl":{"start":{"line":147,"column":18},"end":{"line":147,"column":24}},"loc":{"start":{"line":147,"column":24},"end":{"line":147,"column":34}},"line":147},"10":{"name":"(anonymous_10)","decl":{"start":{"line":149,"column":46},"end":{"line":149,"column":52}},"loc":{"start":{"line":149,"column":52},"end":{"line":149,"column":69}},"line":149},"11":{"name":"(anonymous_11)","decl":{"start":{"line":168,"column":2},"end":{"line":168,"column":3}},"loc":{"start":{"line":168,"column":14},"end":{"line":173,"column":null}},"line":168},"12":{"name":"(anonymous_12)","decl":{"start":{"line":176,"column":63},"end":{"line":176,"column":64}},"loc":{"start":{"line":176,"column":77},"end":{"line":185,"column":2}},"line":176}},"branchMap":{},"s":{"0":11,"1":11,"2":0,"3":11,"4":0,"5":11,"6":0,"7":11,"8":0,"9":0,"10":11,"11":0,"12":11,"13":0,"14":0,"15":11,"16":0,"17":11,"18":0,"19":0,"20":0,"21":11,"22":0},"f":{"0":0,"1":0,"2":0,"3":0,"4":0,"5":0,"6":0,"7":0,"8":0,"9":0,"10":0,"11":0,"12":0},"b":{},"meta":{"lastBranch":0,"lastFunction":13,"lastStatement":23,"seen":{"s:18:13:25:Infinity":0,"s:27:13:35:Infinity":1,"f:27:47:27:48":0,"s:27:67:35:2":2,"s:39:13:61:Infinity":3,"f:44:16:44:22":1,"s:44:22:44:32":4,"s:63:13:71:Infinity":5,"f:65:2:65:3":2,"s:65:16:70:Infinity":6,"s:75:13:96:Infinity":7,"f:81:18:81:24":3,"s:81:24:81:34":8,"f:93:2:93:3":4,"s:93:14:95:Infinity":9,"s:98:13:103:Infinity":10,"f:98:59:98:60":5,"s:98:73:103:2":11,"s:107:13:129:Infinity":12,"f:113:18:113:24":6,"s:113:24:113:34":13,"f:126:2:126:3":7,"s:126:14:128:Infinity":14,"s:131:13:137:Infinity":15,"f:131:61:131:62":8,"s:131:81:137:2":16,"s:141:13:174:Infinity":17,"f:147:18:147:24":9,"s:147:24:147:34":18,"f:149:46:149:52":10,"s:149:52:149:69":19,"f:168:2:168:3":11,"s:168:14:173:Infinity":20,"s:176:13:185:Infinity":21,"f:176:63:176:64":12,"s:176:77:185:2":22}}}
,"/home/cwnelson/Dev/portfolio/pantry-bot/src/middleware/auth.ts": {"path":"/home/cwnelson/Dev/portfolio/pantry-bot/src/middleware/auth.ts","statementMap":{"0":{"start":{"line":8,"column":2},"end":{"line":10,"column":null}},"1":{"start":{"line":9,"column":4},"end":{"line":9,"column":null}},"2":{"start":{"line":11,"column":2},"end":{"line":11,"column":null}},"3":{"start":{"line":15,"column":2},"end":{"line":17,"column":null}},"4":{"start":{"line":16,"column":4},"end":{"line":16,"column":null}},"5":{"start":{"line":18,"column":2},"end":{"line":18,"column":null}},"6":{"start":{"line":26,"column":2},"end":{"line":26,"column":null}},"7":{"start":{"line":28,"column":2},"end":{"line":41,"column":null}},"8":{"start":{"line":29,"column":19},"end":{"line":33,"column":null}},"9":{"start":{"line":35,"column":4},"end":{"line":40,"column":null}},"10":{"start":{"line":36,"column":6},"end":{"line":36,"column":null}},"11":{"start":{"line":38,"column":6},"end":{"line":38,"column":null}},"12":{"start":{"line":39,"column":6},"end":{"line":39,"column":null}},"13":{"start":{"line":43,"column":2},"end":{"line":43,"column":null}}},"fnMap":{"0":{"name":"requireAuth","decl":{"start":{"line":7,"column":16},"end":{"line":7,"column":28}},"loc":{"start":{"line":7,"column":77},"end":{"line":12,"column":null}},"line":7},"1":{"name":"guestOnly","decl":{"start":{"line":14,"column":16},"end":{"line":14,"column":26}},"loc":{"start":{"line":14,"column":75},"end":{"line":19,"column":null}},"line":14},"2":{"name":"loadUser","decl":{"start":{"line":21,"column":22},"end":{"line":21,"column":null}},"loc":{"start":{"line":25,"column":2},"end":{"line":44,"column":null}},"line":25},"3":{"name":"(anonymous_3)","decl":{"start":{"line":38,"column":26},"end":{"line":38,"column":32}},"loc":{"start":{"line":38,"column":32},"end":{"line":38,"column":34}},"line":38}},"branchMap":{"0":{"loc":{"start":{"line":8,"column":2},"end":{"line":10,"column":null}},"type":"if","locations":[{"start":{"line":8,"column":2},"end":{"line":10,"column":null}},{"start":{},"end":{}}],"line":8},"1":{"loc":{"start":{"line":15,"column":2},"end":{"line":17,"column":null}},"type":"if","locations":[{"start":{"line":15,"column":2},"end":{"line":17,"column":null}},{"start":{},"end":{}}],"line":15},"2":{"loc":{"start":{"line":28,"column":2},"end":{"line":41,"column":null}},"type":"if","locations":[{"start":{"line":28,"column":2},"end":{"line":41,"column":null}},{"start":{},"end":{}}],"line":28},"3":{"loc":{"start":{"line":35,"column":4},"end":{"line":40,"column":null}},"type":"if","locations":[{"start":{"line":35,"column":4},"end":{"line":40,"column":null}},{"start":{"line":37,"column":11},"end":{"line":40,"column":null}}],"line":35}},"s":{"0":2,"1":1,"2":1,"3":15,"4":1,"5":14,"6":17,"7":17,"8":2,"9":2,"10":1,"11":1,"12":1,"13":16},"f":{"0":2,"1":15,"2":17,"3":1},"b":{"0":[1,1],"1":[1,14],"2":[2,15],"3":[1,1]},"meta":{"lastBranch":4,"lastFunction":4,"lastStatement":14,"seen":{"f:7:16:7:28":0,"b:8:2:10:Infinity:undefined:undefined:undefined:undefined":0,"s:8:2:10:Infinity":0,"s:9:4:9:Infinity":1,"s:11:2:11:Infinity":2,"f:14:16:14:26":1,"b:15:2:17:Infinity:undefined:undefined:undefined:undefined":1,"s:15:2:17:Infinity":3,"s:16:4:16:Infinity":4,"s:18:2:18:Infinity":5,"f:21:22:21:Infinity":2,"s:26:2:26:Infinity":6,"b:28:2:41:Infinity:undefined:undefined:undefined:undefined":2,"s:28:2:41:Infinity":7,"s:29:19:33:Infinity":8,"b:35:4:40:Infinity:37:11:40:Infinity":3,"s:35:4:40:Infinity":9,"s:36:6:36:Infinity":10,"s:38:6:38:Infinity":11,"f:38:26:38:32":3,"s:39:6:39:Infinity":12,"s:43:2:43:Infinity":13}}}
,"/home/cwnelson/Dev/portfolio/pantry-bot/src/middleware/csrf.ts": {"path":"/home/cwnelson/Dev/portfolio/pantry-bot/src/middleware/csrf.ts","statementMap":{"0":{"start":{"line":10,"column":2},"end":{"line":12,"column":null}},"1":{"start":{"line":11,"column":4},"end":{"line":11,"column":null}},"2":{"start":{"line":14,"column":2},"end":{"line":14,"column":null}},"3":{"start":{"line":16,"column":2},"end":{"line":25,"column":null}},"4":{"start":{"line":17,"column":18},"end":{"line":17,"column":null}},"5":{"start":{"line":19,"column":4},"end":{"line":24,"column":null}},"6":{"start":{"line":20,"column":6},"end":{"line":23,"column":null}},"7":{"start":{"line":27,"column":2},"end":{"line":27,"column":null}}},"fnMap":{"0":{"name":"csrfMiddleware","decl":{"start":{"line":5,"column":16},"end":{"line":5,"column":null}},"loc":{"start":{"line":9,"column":2},"end":{"line":28,"column":null}},"line":9}},"branchMap":{"0":{"loc":{"start":{"line":10,"column":2},"end":{"line":12,"column":null}},"type":"if","locations":[{"start":{"line":10,"column":2},"end":{"line":12,"column":null}},{"start":{},"end":{}}],"line":10},"1":{"loc":{"start":{"line":16,"column":2},"end":{"line":25,"column":null}},"type":"if","locations":[{"start":{"line":16,"column":2},"end":{"line":25,"column":null}},{"start":{},"end":{}}],"line":16},"2":{"loc":{"start":{"line":19,"column":4},"end":{"line":24,"column":null}},"type":"if","locations":[{"start":{"line":19,"column":4},"end":{"line":24,"column":null}},{"start":{},"end":{}}],"line":19}},"s":{"0":164,"1":65,"2":164,"3":164,"4":72,"5":72,"6":4,"7":160},"f":{"0":164},"b":{"0":[65,99],"1":[72,92],"2":[4,68]},"meta":{"lastBranch":3,"lastFunction":1,"lastStatement":8,"seen":{"f:5:16:5:Infinity":0,"b:10:2:12:Infinity:undefined:undefined:undefined:undefined":0,"s:10:2:12:Infinity":0,"s:11:4:11:Infinity":1,"s:14:2:14:Infinity":2,"b:16:2:25:Infinity:undefined:undefined:undefined:undefined":1,"s:16:2:25:Infinity":3,"s:17:18:17:Infinity":4,"b:19:4:24:Infinity:undefined:undefined:undefined:undefined":2,"s:19:4:24:Infinity":5,"s:20:6:23:Infinity":6,"s:27:2:27:Infinity":7}}}
,"/home/cwnelson/Dev/portfolio/pantry-bot/src/middleware/error.ts": {"path":"/home/cwnelson/Dev/portfolio/pantry-bot/src/middleware/error.ts","statementMap":{"0":{"start":{"line":10,"column":2},"end":{"line":10,"column":null}},"1":{"start":{"line":12,"column":17},"end":{"line":12,"column":null}},"2":{"start":{"line":14,"column":4},"end":{"line":16,"column":null}},"3":{"start":{"line":18,"column":2},"end":{"line":21,"column":null}}},"fnMap":{"0":{"name":"errorHandler","decl":{"start":{"line":4,"column":16},"end":{"line":4,"column":null}},"loc":{"start":{"line":9,"column":2},"end":{"line":22,"column":null}},"line":9}},"branchMap":{"0":{"loc":{"start":{"line":12,"column":17},"end":{"line":12,"column":null}},"type":"binary-expr","locations":[{"start":{"line":12,"column":17},"end":{"line":12,"column":31}},{"start":{"line":12,"column":31},"end":{"line":12,"column":null}}],"line":12},"1":{"loc":{"start":{"line":14,"column":4},"end":{"line":16,"column":null}},"type":"cond-expr","locations":[{"start":{"line":15,"column":8},"end":{"line":15,"column":null}},{"start":{"line":16,"column":8},"end":{"line":16,"column":null}}],"line":14},"2":{"loc":{"start":{"line":15,"column":8},"end":{"line":15,"column":null}},"type":"binary-expr","locations":[{"start":{"line":15,"column":8},"end":{"line":15,"column":23}},{"start":{"line":15,"column":23},"end":{"line":15,"column":null}}],"line":15}},"s":{"0":5,"1":5,"2":5,"3":5},"f":{"0":5},"b":{"0":[5,4],"1":[4,1],"2":[4,0]},"meta":{"lastBranch":3,"lastFunction":1,"lastStatement":4,"seen":{"f:4:16:4:Infinity":0,"s:10:2:10:Infinity":0,"s:12:17:12:Infinity":1,"b:12:17:12:31:12:31:12:Infinity":0,"s:14:4:16:Infinity":2,"b:15:8:15:Infinity:16:8:16:Infinity":1,"b:15:8:15:23:15:23:15:Infinity":2,"s:18:2:21:Infinity":3}}}
,"/home/cwnelson/Dev/portfolio/pantry-bot/src/middleware/flash.ts": {"path":"/home/cwnelson/Dev/portfolio/pantry-bot/src/middleware/flash.ts","statementMap":{"0":{"start":{"line":9,"column":2},"end":{"line":9,"column":null}},"1":{"start":{"line":10,"column":2},"end":{"line":10,"column":null}},"2":{"start":{"line":11,"column":2},"end":{"line":11,"column":null}},"3":{"start":{"line":19,"column":2},"end":{"line":21,"column":null}},"4":{"start":{"line":20,"column":4},"end":{"line":20,"column":null}},"5":{"start":{"line":22,"column":2},"end":{"line":22,"column":null}}},"fnMap":{"0":{"name":"flashMiddleware","decl":{"start":{"line":4,"column":16},"end":{"line":4,"column":null}},"loc":{"start":{"line":8,"column":2},"end":{"line":12,"column":null}},"line":8},"1":{"name":"setFlash","decl":{"start":{"line":14,"column":16},"end":{"line":14,"column":null}},"loc":{"start":{"line":18,"column":2},"end":{"line":23,"column":null}},"line":18}},"branchMap":{"0":{"loc":{"start":{"line":9,"column":21},"end":{"line":9,"column":null}},"type":"binary-expr","locations":[{"start":{"line":9,"column":21},"end":{"line":9,"column":42}},{"start":{"line":9,"column":42},"end":{"line":9,"column":null}}],"line":9},"1":{"loc":{"start":{"line":19,"column":2},"end":{"line":21,"column":null}},"type":"if","locations":[{"start":{"line":19,"column":2},"end":{"line":21,"column":null}},{"start":{},"end":{}}],"line":19}},"s":{"0":159,"1":159,"2":159,"3":70,"4":1,"5":70},"f":{"0":159,"1":70},"b":{"0":[159,65],"1":[1,69]},"meta":{"lastBranch":2,"lastFunction":2,"lastStatement":6,"seen":{"f:4:16:4:Infinity":0,"s:9:2:9:Infinity":0,"b:9:21:9:42:9:42:9:Infinity":0,"s:10:2:10:Infinity":1,"s:11:2:11:Infinity":2,"f:14:16:14:Infinity":1,"b:19:2:21:Infinity:undefined:undefined:undefined:undefined":1,"s:19:2:21:Infinity":3,"s:20:4:20:Infinity":4,"s:22:2:22:Infinity":5}}}
,"/home/cwnelson/Dev/portfolio/pantry-bot/src/routes/auth.ts": {"path":"/home/cwnelson/Dev/portfolio/pantry-bot/src/routes/auth.ts","statementMap":{"0":{"start":{"line":6,"column":6},"end":{"line":6,"column":null}},"1":{"start":{"line":8,"column":0},"end":{"line":10,"column":null}},"2":{"start":{"line":9,"column":2},"end":{"line":9,"column":null}},"3":{"start":{"line":12,"column":0},"end":{"line":35,"column":null}},"4":{"start":{"line":13,"column":30},"end":{"line":13,"column":null}},"5":{"start":{"line":15,"column":2},"end":{"line":18,"column":null}},"6":{"start":{"line":16,"column":4},"end":{"line":16,"column":null}},"7":{"start":{"line":17,"column":4},"end":{"line":17,"column":null}},"8":{"start":{"line":20,"column":2},"end":{"line":34,"column":null}},"9":{"start":{"line":21,"column":17},"end":{"line":21,"column":null}},"10":{"start":{"line":23,"column":4},"end":{"line":26,"column":null}},"11":{"start":{"line":24,"column":6},"end":{"line":24,"column":null}},"12":{"start":{"line":25,"column":6},"end":{"line":25,"column":null}},"13":{"start":{"line":28,"column":4},"end":{"line":28,"column":null}},"14":{"start":{"line":29,"column":4},"end":{"line":29,"column":null}},"15":{"start":{"line":30,"column":4},"end":{"line":30,"column":null}},"16":{"start":{"line":32,"column":4},"end":{"line":32,"column":null}},"17":{"start":{"line":33,"column":4},"end":{"line":33,"column":null}},"18":{"start":{"line":37,"column":0},"end":{"line":39,"column":null}},"19":{"start":{"line":38,"column":2},"end":{"line":38,"column":null}},"20":{"start":{"line":41,"column":0},"end":{"line":60,"column":null}},"21":{"start":{"line":42,"column":43},"end":{"line":42,"column":null}},"22":{"start":{"line":44,"column":2},"end":{"line":47,"column":null}},"23":{"start":{"line":45,"column":4},"end":{"line":45,"column":null}},"24":{"start":{"line":46,"column":4},"end":{"line":46,"column":null}},"25":{"start":{"line":49,"column":2},"end":{"line":59,"column":null}},"26":{"start":{"line":50,"column":17},"end":{"line":50,"column":null}},"27":{"start":{"line":51,"column":4},"end":{"line":51,"column":null}},"28":{"start":{"line":52,"column":4},"end":{"line":52,"column":null}},"29":{"start":{"line":53,"column":4},"end":{"line":53,"column":null}},"30":{"start":{"line":56,"column":6},"end":{"line":56,"column":null}},"31":{"start":{"line":57,"column":4},"end":{"line":57,"column":null}},"32":{"start":{"line":58,"column":4},"end":{"line":58,"column":null}},"33":{"start":{"line":62,"column":0},"end":{"line":66,"column":null}},"34":{"start":{"line":63,"column":2},"end":{"line":65,"column":null}},"35":{"start":{"line":64,"column":4},"end":{"line":64,"column":null}}},"fnMap":{"0":{"name":"(anonymous_0)","decl":{"start":{"line":8,"column":32},"end":{"line":8,"column":33}},"loc":{"start":{"line":8,"column":47},"end":{"line":10,"column":1}},"line":8},"1":{"name":"(anonymous_1)","decl":{"start":{"line":12,"column":33},"end":{"line":12,"column":40}},"loc":{"start":{"line":12,"column":53},"end":{"line":35,"column":1}},"line":12},"2":{"name":"(anonymous_2)","decl":{"start":{"line":37,"column":35},"end":{"line":37,"column":36}},"loc":{"start":{"line":37,"column":50},"end":{"line":39,"column":1}},"line":37},"3":{"name":"(anonymous_3)","decl":{"start":{"line":41,"column":36},"end":{"line":41,"column":43}},"loc":{"start":{"line":41,"column":56},"end":{"line":60,"column":1}},"line":41},"4":{"name":"(anonymous_4)","decl":{"start":{"line":62,"column":23},"end":{"line":62,"column":24}},"loc":{"start":{"line":62,"column":37},"end":{"line":66,"column":1}},"line":62},"5":{"name":"(anonymous_5)","decl":{"start":{"line":63,"column":22},"end":{"line":63,"column":28}},"loc":{"start":{"line":63,"column":28},"end":{"line":65,"column":3}},"line":63}},"branchMap":{"0":{"loc":{"start":{"line":15,"column":2},"end":{"line":18,"column":null}},"type":"if","locations":[{"start":{"line":15,"column":2},"end":{"line":18,"column":null}},{"start":{},"end":{}}],"line":15},"1":{"loc":{"start":{"line":15,"column":6},"end":{"line":15,"column":27}},"type":"binary-expr","locations":[{"start":{"line":15,"column":6},"end":{"line":15,"column":16}},{"start":{"line":15,"column":16},"end":{"line":15,"column":27}}],"line":15},"2":{"loc":{"start":{"line":23,"column":4},"end":{"line":26,"column":null}},"type":"if","locations":[{"start":{"line":23,"column":4},"end":{"line":26,"column":null}},{"start":{},"end":{}}],"line":23},"3":{"loc":{"start":{"line":44,"column":2},"end":{"line":47,"column":null}},"type":"if","locations":[{"start":{"line":44,"column":2},"end":{"line":47,"column":null}},{"start":{},"end":{}}],"line":44},"4":{"loc":{"start":{"line":44,"column":6},"end":{"line":44,"column":43}},"type":"binary-expr","locations":[{"start":{"line":44,"column":6},"end":{"line":44,"column":16}},{"start":{"line":44,"column":16},"end":{"line":44,"column":29}},{"start":{"line":44,"column":29},"end":{"line":44,"column":43}}],"line":44},"5":{"loc":{"start":{"line":56,"column":6},"end":{"line":56,"column":null}},"type":"cond-expr","locations":[{"start":{"line":56,"column":29},"end":{"line":56,"column":43}},{"start":{"line":56,"column":43},"end":{"line":56,"column":null}}],"line":56}},"s":{"0":7,"1":7,"2":48,"3":7,"4":46,"5":46,"6":1,"7":1,"8":45,"9":45,"10":45,"11":1,"12":1,"13":44,"14":44,"15":44,"16":0,"17":0,"18":7,"19":3,"20":7,"21":2,"22":2,"23":0,"24":0,"25":2,"26":2,"27":1,"28":1,"29":1,"30":1,"31":1,"32":1,"33":7,"34":1,"35":1},"f":{"0":48,"1":46,"2":3,"3":2,"4":1,"5":1},"b":{"0":[1,45],"1":[46,45],"2":[1,44],"3":[0,2],"4":[2,2,2],"5":[1,0]},"meta":{"lastBranch":6,"lastFunction":6,"lastStatement":36,"seen":{"s:6:6:6:Infinity":0,"s:8:0:10:Infinity":1,"f:8:32:8:33":0,"s:9:2:9:Infinity":2,"s:12:0:35:Infinity":3,"f:12:33:12:40":1,"s:13:30:13:Infinity":4,"b:15:2:18:Infinity:undefined:undefined:undefined:undefined":0,"s:15:2:18:Infinity":5,"b:15:6:15:16:15:16:15:27":1,"s:16:4:16:Infinity":6,"s:17:4:17:Infinity":7,"s:20:2:34:Infinity":8,"s:21:17:21:Infinity":9,"b:23:4:26:Infinity:undefined:undefined:undefined:undefined":2,"s:23:4:26:Infinity":10,"s:24:6:24:Infinity":11,"s:25:6:25:Infinity":12,"s:28:4:28:Infinity":13,"s:29:4:29:Infinity":14,"s:30:4:30:Infinity":15,"s:32:4:32:Infinity":16,"s:33:4:33:Infinity":17,"s:37:0:39:Infinity":18,"f:37:35:37:36":2,"s:38:2:38:Infinity":19,"s:41:0:60:Infinity":20,"f:41:36:41:43":3,"s:42:43:42:Infinity":21,"b:44:2:47:Infinity:undefined:undefined:undefined:undefined":3,"s:44:2:47:Infinity":22,"b:44:6:44:16:44:16:44:29:44:29:44:43":4,"s:45:4:45:Infinity":23,"s:46:4:46:Infinity":24,"s:49:2:59:Infinity":25,"s:50:17:50:Infinity":26,"s:51:4:51:Infinity":27,"s:52:4:52:Infinity":28,"s:53:4:53:Infinity":29,"s:56:6:56:Infinity":30,"b:56:29:56:43:56:43:56:Infinity":5,"s:57:4:57:Infinity":31,"s:58:4:58:Infinity":32,"s:62:0:66:Infinity":33,"f:62:23:62:24":4,"s:63:2:65:Infinity":34,"f:63:22:63:28":5,"s:64:4:64:Infinity":35}}}
,"/home/cwnelson/Dev/portfolio/pantry-bot/src/routes/dashboard.ts": {"path":"/home/cwnelson/Dev/portfolio/pantry-bot/src/routes/dashboard.ts","statementMap":{"0":{"start":{"line":8,"column":6},"end":{"line":8,"column":null}},"1":{"start":{"line":10,"column":0},"end":{"line":10,"column":null}},"2":{"start":{"line":12,"column":0},"end":{"line":33,"column":null}},"3":{"start":{"line":13,"column":17},"end":{"line":13,"column":null}},"4":{"start":{"line":15,"column":24},"end":{"line":15,"column":null}},"5":{"start":{"line":17,"column":19},"end":{"line":17,"column":null}},"6":{"start":{"line":18,"column":22},"end":{"line":18,"column":null}},"7":{"start":{"line":20,"column":24},"end":{"line":25,"column":null}},"8":{"start":{"line":27,"column":2},"end":{"line":32,"column":null}}},"fnMap":{"0":{"name":"(anonymous_0)","decl":{"start":{"line":12,"column":16},"end":{"line":12,"column":23}},"loc":{"start":{"line":12,"column":36},"end":{"line":33,"column":1}},"line":12}},"branchMap":{},"s":{"0":7,"1":7,"2":7,"3":1,"4":1,"5":1,"6":1,"7":1,"8":1},"f":{"0":1},"b":{},"meta":{"lastBranch":0,"lastFunction":1,"lastStatement":9,"seen":{"s:8:6:8:Infinity":0,"s:10:0:10:Infinity":1,"s:12:0:33:Infinity":2,"f:12:16:12:23":0,"s:13:17:13:Infinity":3,"s:15:24:15:Infinity":4,"s:17:19:17:Infinity":5,"s:18:22:18:Infinity":6,"s:20:24:25:Infinity":7,"s:27:2:32:Infinity":8}}}
,"/home/cwnelson/Dev/portfolio/pantry-bot/src/routes/health.ts": {"path":"/home/cwnelson/Dev/portfolio/pantry-bot/src/routes/health.ts","statementMap":{"0":{"start":{"line":3,"column":6},"end":{"line":3,"column":null}},"1":{"start":{"line":5,"column":0},"end":{"line":7,"column":null}},"2":{"start":{"line":6,"column":2},"end":{"line":6,"column":null}}},"fnMap":{"0":{"name":"(anonymous_0)","decl":{"start":{"line":5,"column":16},"end":{"line":5,"column":17}},"loc":{"start":{"line":5,"column":31},"end":{"line":7,"column":1}},"line":5}},"branchMap":{},"s":{"0":7,"1":7,"2":1},"f":{"0":1},"b":{},"meta":{"lastBranch":0,"lastFunction":1,"lastStatement":3,"seen":{"s:3:6:3:Infinity":0,"s:5:0:7:Infinity":1,"f:5:16:5:17":0,"s:6:2:6:Infinity":2}}}
,"/home/cwnelson/Dev/portfolio/pantry-bot/src/routes/nutrition.ts": {"path":"/home/cwnelson/Dev/portfolio/pantry-bot/src/routes/nutrition.ts","statementMap":{"0":{"start":{"line":10,"column":6},"end":{"line":10,"column":null}},"1":{"start":{"line":12,"column":0},"end":{"line":12,"column":null}},"2":{"start":{"line":15,"column":12},"end":{"line":15,"column":null}},"3":{"start":{"line":16,"column":14},"end":{"line":16,"column":null}},"4":{"start":{"line":17,"column":15},"end":{"line":17,"column":null}},"5":{"start":{"line":18,"column":2},"end":{"line":18,"column":null}},"6":{"start":{"line":19,"column":2},"end":{"line":19,"column":null}},"7":{"start":{"line":22,"column":0},"end":{"line":41,"column":null}},"8":{"start":{"line":23,"column":17},"end":{"line":23,"column":null}},"9":{"start":{"line":25,"column":17},"end":{"line":25,"column":null}},"10":{"start":{"line":27,"column":24},"end":{"line":27,"column":null}},"11":{"start":{"line":29,"column":16},"end":{"line":32,"column":null}},"12":{"start":{"line":34,"column":22},"end":{"line":34,"column":null}},"13":{"start":{"line":36,"column":2},"end":{"line":40,"column":null}},"14":{"start":{"line":43,"column":0},"end":{"line":65,"column":null}},"15":{"start":{"line":44,"column":17},"end":{"line":44,"column":null}},"16":{"start":{"line":47,"column":5},"end":{"line":47,"column":null}},"17":{"start":{"line":49,"column":19},"end":{"line":49,"column":null}},"18":{"start":{"line":51,"column":16},"end":{"line":54,"column":null}},"19":{"start":{"line":56,"column":22},"end":{"line":56,"column":null}},"20":{"start":{"line":58,"column":2},"end":{"line":64,"column":null}},"21":{"start":{"line":67,"column":0},"end":{"line":121,"column":null}},"22":{"start":{"line":68,"column":17},"end":{"line":68,"column":null}},"23":{"start":{"line":83,"column":6},"end":{"line":83,"column":null}},"24":{"start":{"line":85,"column":19},"end":{"line":85,"column":null}},"25":{"start":{"line":85,"column":35},"end":{"line":85,"column":null}},"26":{"start":{"line":87,"column":19},"end":{"line":100,"column":null}},"27":{"start":{"line":102,"column":19},"end":{"line":105,"column":null}},"28":{"start":{"line":107,"column":2},"end":{"line":117,"column":null}},"29":{"start":{"line":108,"column":4},"end":{"line":111,"column":null}},"30":{"start":{"line":113,"column":4},"end":{"line":116,"column":null}},"31":{"start":{"line":119,"column":2},"end":{"line":119,"column":null}},"32":{"start":{"line":120,"column":2},"end":{"line":120,"column":null}},"33":{"start":{"line":123,"column":0},"end":{"line":141,"column":null}},"34":{"start":{"line":124,"column":12},"end":{"line":124,"column":null}},"35":{"start":{"line":125,"column":2},"end":{"line":127,"column":null}},"36":{"start":{"line":126,"column":4},"end":{"line":126,"column":null}},"37":{"start":{"line":129,"column":2},"end":{"line":140,"column":null}},"38":{"start":{"line":130,"column":18},"end":{"line":130,"column":null}},"39":{"start":{"line":131,"column":10},"end":{"line":136,"column":null}},"40":{"start":{"line":131,"column":54},"end":{"line":136,"column":6}},"41":{"start":{"line":137,"column":4},"end":{"line":137,"column":null}},"42":{"start":{"line":139,"column":4},"end":{"line":139,"column":null}},"43":{"start":{"line":143,"column":0},"end":{"line":157,"column":null}},"44":{"start":{"line":144,"column":17},"end":{"line":144,"column":null}},"45":{"start":{"line":146,"column":18},"end":{"line":154,"column":null}},"46":{"start":{"line":156,"column":2},"end":{"line":156,"column":null}},"47":{"start":{"line":159,"column":0},"end":{"line":204,"column":null}},"48":{"start":{"line":160,"column":17},"end":{"line":160,"column":null}},"49":{"start":{"line":180,"column":6},"end":{"line":180,"column":null}},"50":{"start":{"line":182,"column":2},"end":{"line":200,"column":null}},"51":{"start":{"line":202,"column":2},"end":{"line":202,"column":null}},"52":{"start":{"line":203,"column":2},"end":{"line":203,"column":null}},"53":{"start":{"line":206,"column":0},"end":{"line":216,"column":null}},"54":{"start":{"line":207,"column":17},"end":{"line":207,"column":null}},"55":{"start":{"line":208,"column":13},"end":{"line":208,"column":null}},"56":{"start":{"line":210,"column":2},"end":{"line":210,"column":null}},"57":{"start":{"line":212,"column":2},"end":{"line":212,"column":null}},"58":{"start":{"line":214,"column":19},"end":{"line":214,"column":null}},"59":{"start":{"line":215,"column":2},"end":{"line":215,"column":null}}},"fnMap":{"0":{"name":"getMondayOfWeek","decl":{"start":{"line":14,"column":9},"end":{"line":14,"column":25}},"loc":{"start":{"line":14,"column":45},"end":{"line":20,"column":null}},"line":14},"1":{"name":"(anonymous_1)","decl":{"start":{"line":22,"column":16},"end":{"line":22,"column":23}},"loc":{"start":{"line":22,"column":36},"end":{"line":41,"column":1}},"line":22},"2":{"name":"(anonymous_2)","decl":{"start":{"line":43,"column":21},"end":{"line":43,"column":28}},"loc":{"start":{"line":43,"column":41},"end":{"line":65,"column":1}},"line":43},"3":{"name":"(anonymous_3)","decl":{"start":{"line":67,"column":22},"end":{"line":67,"column":29}},"loc":{"start":{"line":67,"column":42},"end":{"line":121,"column":1}},"line":67},"4":{"name":"(anonymous_4)","decl":{"start":{"line":85,"column":19},"end":{"line":85,"column":20}},"loc":{"start":{"line":85,"column":35},"end":{"line":85,"column":null}},"line":85},"5":{"name":"(anonymous_5)","decl":{"start":{"line":123,"column":31},"end":{"line":123,"column":38}},"loc":{"start":{"line":123,"column":51},"end":{"line":141,"column":1}},"line":123},"6":{"name":"(anonymous_6)","decl":{"start":{"line":131,"column":38},"end":{"line":131,"column":39}},"loc":{"start":{"line":131,"column":54},"end":{"line":136,"column":6}},"line":131},"7":{"name":"(anonymous_7)","decl":{"start":{"line":143,"column":33},"end":{"line":143,"column":40}},"loc":{"start":{"line":143,"column":53},"end":{"line":157,"column":1}},"line":143},"8":{"name":"(anonymous_8)","decl":{"start":{"line":159,"column":20},"end":{"line":159,"column":27}},"loc":{"start":{"line":159,"column":40},"end":{"line":204,"column":1}},"line":159},"9":{"name":"(anonymous_9)","decl":{"start":{"line":206,"column":31},"end":{"line":206,"column":38}},"loc":{"start":{"line":206,"column":51},"end":{"line":216,"column":1}},"line":206}},"branchMap":{"0":{"loc":{"start":{"line":17,"column":36},"end":{"line":17,"column":null}},"type":"cond-expr","locations":[{"start":{"line":17,"column":48},"end":{"line":17,"column":53}},{"start":{"line":17,"column":53},"end":{"line":17,"column":null}}],"line":17},"1":{"loc":{"start":{"line":34,"column":22},"end":{"line":34,"column":null}},"type":"cond-expr","locations":[{"start":{"line":34,"column":41},"end":{"line":34,"column":52}},{"start":{"line":34,"column":52},"end":{"line":34,"column":null}}],"line":34},"2":{"loc":{"start":{"line":47,"column":5},"end":{"line":47,"column":null}},"type":"binary-expr","locations":[{"start":{"line":47,"column":5},"end":{"line":47,"column":34}},{"start":{"line":47,"column":15},"end":{"line":47,"column":null}}],"line":47},"3":{"loc":{"start":{"line":56,"column":22},"end":{"line":56,"column":null}},"type":"cond-expr","locations":[{"start":{"line":56,"column":41},"end":{"line":56,"column":52}},{"start":{"line":56,"column":52},"end":{"line":56,"column":null}}],"line":56},"4":{"loc":{"start":{"line":85,"column":35},"end":{"line":85,"column":null}},"type":"cond-expr","locations":[{"start":{"line":85,"column":39},"end":{"line":85,"column":53}},{"start":{"line":85,"column":53},"end":{"line":85,"column":null}}],"line":85},"5":{"loc":{"start":{"line":107,"column":2},"end":{"line":117,"column":null}},"type":"if","locations":[{"start":{"line":107,"column":2},"end":{"line":117,"column":null}},{"start":{"line":112,"column":9},"end":{"line":117,"column":null}}],"line":107},"6":{"loc":{"start":{"line":125,"column":2},"end":{"line":127,"column":null}},"type":"if","locations":[{"start":{"line":125,"column":2},"end":{"line":127,"column":null}},{"start":{},"end":{}}],"line":125},"7":{"loc":{"start":{"line":125,"column":6},"end":{"line":125,"column":35}},"type":"binary-expr","locations":[{"start":{"line":125,"column":6},"end":{"line":125,"column":12}},{"start":{"line":125,"column":12},"end":{"line":125,"column":35}}],"line":125},"8":{"loc":{"start":{"line":131,"column":21},"end":{"line":131,"column":34}},"type":"binary-expr","locations":[{"start":{"line":131,"column":21},"end":{"line":131,"column":30}},{"start":{"line":131,"column":30},"end":{"line":131,"column":34}}],"line":131},"9":{"loc":{"start":{"line":134,"column":18},"end":{"line":134,"column":null}},"type":"binary-expr","locations":[{"start":{"line":134,"column":18},"end":{"line":134,"column":37}},{"start":{"line":134,"column":37},"end":{"line":134,"column":null}}],"line":134},"10":{"loc":{"start":{"line":198,"column":14},"end":{"line":198,"column":null}},"type":"cond-expr","locations":[{"start":{"line":198,"column":25},"end":{"line":198,"column":46}},{"start":{"line":198,"column":46},"end":{"line":198,"column":null}}],"line":198},"11":{"loc":{"start":{"line":199,"column":16},"end":{"line":199,"column":null}},"type":"cond-expr","locations":[{"start":{"line":199,"column":29},"end":{"line":199,"column":54}},{"start":{"line":199,"column":54},"end":{"line":199,"column":null}}],"line":199},"12":{"loc":{"start":{"line":214,"column":19},"end":{"line":214,"column":null}},"type":"binary-expr","locations":[{"start":{"line":214,"column":19},"end":{"line":214,"column":41}},{"start":{"line":214,"column":41},"end":{"line":214,"column":null}}],"line":214}},"s":{"0":7,"1":7,"2":1,"3":1,"4":1,"5":1,"6":1,"7":7,"8":1,"9":1,"10":1,"11":1,"12":1,"13":1,"14":7,"15":2,"16":2,"17":2,"18":2,"19":2,"20":2,"21":7,"22":2,"23":2,"24":2,"25":24,"26":2,"27":2,"28":2,"29":1,"30":1,"31":2,"32":2,"33":7,"34":3,"35":3,"36":1,"37":2,"38":2,"39":1,"40":1,"41":3,"42":1,"43":7,"44":1,"45":1,"46":1,"47":7,"48":1,"49":1,"50":1,"51":1,"52":1,"53":7,"54":2,"55":2,"56":2,"57":2,"58":2,"59":2},"f":{"0":1,"1":1,"2":2,"3":2,"4":24,"5":3,"6":1,"7":1,"8":1,"9":2},"b":{"0":[0,1],"1":[0,1],"2":[2,1],"3":[0,2],"4":[3,21],"5":[1,1],"6":[1,2],"7":[3,2],"8":[1,0],"9":[1,1],"10":[0,1],"11":[0,1],"12":[2,1]},"meta":{"lastBranch":13,"lastFunction":10,"lastStatement":60,"seen":{"s:10:6:10:Infinity":0,"s:12:0:12:Infinity":1,"f:14:9:14:25":0,"s:15:12:15:Infinity":2,"s:16:14:16:Infinity":3,"s:17:15:17:Infinity":4,"b:17:48:17:53:17:53:17:Infinity":0,"s:18:2:18:Infinity":5,"s:19:2:19:Infinity":6,"s:22:0:41:Infinity":7,"f:22:16:22:23":1,"s:23:17:23:Infinity":8,"s:25:17:25:Infinity":9,"s:27:24:27:Infinity":10,"s:29:16:32:Infinity":11,"s:34:22:34:Infinity":12,"b:34:41:34:52:34:52:34:Infinity":1,"s:36:2:40:Infinity":13,"s:43:0:65:Infinity":14,"f:43:21:43:28":2,"s:44:17:44:Infinity":15,"s:47:5:47:Infinity":16,"b:47:5:47:34:47:15:47:Infinity":2,"s:49:19:49:Infinity":17,"s:51:16:54:Infinity":18,"s:56:22:56:Infinity":19,"b:56:41:56:52:56:52:56:Infinity":3,"s:58:2:64:Infinity":20,"s:67:0:121:Infinity":21,"f:67:22:67:29":3,"s:68:17:68:Infinity":22,"s:83:6:83:Infinity":23,"s:85:19:85:Infinity":24,"f:85:19:85:20":4,"s:85:35:85:Infinity":25,"b:85:39:85:53:85:53:85:Infinity":4,"s:87:19:100:Infinity":26,"s:102:19:105:Infinity":27,"b:107:2:117:Infinity:112:9:117:Infinity":5,"s:107:2:117:Infinity":28,"s:108:4:111:Infinity":29,"s:113:4:116:Infinity":30,"s:119:2:119:Infinity":31,"s:120:2:120:Infinity":32,"s:123:0:141:Infinity":33,"f:123:31:123:38":5,"s:124:12:124:Infinity":34,"b:125:2:127:Infinity:undefined:undefined:undefined:undefined":6,"s:125:2:127:Infinity":35,"b:125:6:125:12:125:12:125:35":7,"s:126:4:126:Infinity":36,"s:129:2:140:Infinity":37,"s:130:18:130:Infinity":38,"s:131:10:136:Infinity":39,"b:131:21:131:30:131:30:131:34":8,"f:131:38:131:39":6,"s:131:54:136:6":40,"b:134:18:134:37:134:37:134:Infinity":9,"s:137:4:137:Infinity":41,"s:139:4:139:Infinity":42,"s:143:0:157:Infinity":43,"f:143:33:143:40":7,"s:144:17:144:Infinity":44,"s:146:18:154:Infinity":45,"s:156:2:156:Infinity":46,"s:159:0:204:Infinity":47,"f:159:20:159:27":8,"s:160:17:160:Infinity":48,"s:180:6:180:Infinity":49,"s:182:2:200:Infinity":50,"b:198:25:198:46:198:46:198:Infinity":10,"b:199:29:199:54:199:54:199:Infinity":11,"s:202:2:202:Infinity":51,"s:203:2:203:Infinity":52,"s:206:0:216:Infinity":53,"f:206:31:206:38":9,"s:207:17:207:Infinity":54,"s:208:13:208:Infinity":55,"s:210:2:210:Infinity":56,"s:212:2:212:Infinity":57,"s:214:19:214:Infinity":58,"b:214:19:214:41:214:41:214:Infinity":12,"s:215:2:215:Infinity":59}}}
,"/home/cwnelson/Dev/portfolio/pantry-bot/src/routes/pantry.ts": {"path":"/home/cwnelson/Dev/portfolio/pantry-bot/src/routes/pantry.ts","statementMap":{"0":{"start":{"line":7,"column":19},"end":{"line":20,"column":null}},"1":{"start":{"line":22,"column":14},"end":{"line":40,"column":null}},"2":{"start":{"line":42,"column":6},"end":{"line":42,"column":null}},"3":{"start":{"line":44,"column":0},"end":{"line":44,"column":null}},"4":{"start":{"line":46,"column":0},"end":{"line":54,"column":null}},"5":{"start":{"line":47,"column":17},"end":{"line":47,"column":null}},"6":{"start":{"line":48,"column":21},"end":{"line":48,"column":null}},"7":{"start":{"line":50,"column":2},"end":{"line":53,"column":null}},"8":{"start":{"line":56,"column":0},"end":{"line":62,"column":null}},"9":{"start":{"line":57,"column":2},"end":{"line":61,"column":null}},"10":{"start":{"line":64,"column":0},"end":{"line":77,"column":null}},"11":{"start":{"line":65,"column":18},"end":{"line":65,"column":null}},"12":{"start":{"line":67,"column":2},"end":{"line":69,"column":null}},"13":{"start":{"line":68,"column":4},"end":{"line":68,"column":null}},"14":{"start":{"line":71,"column":2},"end":{"line":76,"column":null}},"15":{"start":{"line":72,"column":19},"end":{"line":72,"column":null}},"16":{"start":{"line":73,"column":4},"end":{"line":73,"column":null}},"17":{"start":{"line":75,"column":4},"end":{"line":75,"column":null}},"18":{"start":{"line":79,"column":0},"end":{"line":100,"column":null}},"19":{"start":{"line":80,"column":17},"end":{"line":80,"column":null}},"20":{"start":{"line":81,"column":77},"end":{"line":81,"column":null}},"21":{"start":{"line":83,"column":2},"end":{"line":86,"column":null}},"22":{"start":{"line":84,"column":4},"end":{"line":84,"column":null}},"23":{"start":{"line":85,"column":4},"end":{"line":85,"column":null}},"24":{"start":{"line":88,"column":2},"end":{"line":96,"column":null}},"25":{"start":{"line":98,"column":2},"end":{"line":98,"column":null}},"26":{"start":{"line":99,"column":2},"end":{"line":99,"column":null}},"27":{"start":{"line":102,"column":0},"end":{"line":119,"column":null}},"28":{"start":{"line":103,"column":17},"end":{"line":103,"column":null}},"29":{"start":{"line":104,"column":13},"end":{"line":104,"column":null}},"30":{"start":{"line":106,"column":15},"end":{"line":106,"column":null}},"31":{"start":{"line":108,"column":2},"end":{"line":111,"column":null}},"32":{"start":{"line":109,"column":4},"end":{"line":109,"column":null}},"33":{"start":{"line":110,"column":4},"end":{"line":110,"column":null}},"34":{"start":{"line":113,"column":2},"end":{"line":118,"column":null}},"35":{"start":{"line":121,"column":0},"end":{"line":137,"column":null}},"36":{"start":{"line":122,"column":17},"end":{"line":122,"column":null}},"37":{"start":{"line":123,"column":13},"end":{"line":123,"column":null}},"38":{"start":{"line":124,"column":68},"end":{"line":124,"column":null}},"39":{"start":{"line":126,"column":2},"end":{"line":133,"column":null}},"40":{"start":{"line":135,"column":2},"end":{"line":135,"column":null}},"41":{"start":{"line":136,"column":2},"end":{"line":136,"column":null}},"42":{"start":{"line":139,"column":0},"end":{"line":147,"column":null}},"43":{"start":{"line":140,"column":17},"end":{"line":140,"column":null}},"44":{"start":{"line":141,"column":13},"end":{"line":141,"column":null}},"45":{"start":{"line":143,"column":2},"end":{"line":143,"column":null}},"46":{"start":{"line":145,"column":2},"end":{"line":145,"column":null}},"47":{"start":{"line":146,"column":2},"end":{"line":146,"column":null}}},"fnMap":{"0":{"name":"(anonymous_0)","decl":{"start":{"line":46,"column":16},"end":{"line":46,"column":23}},"loc":{"start":{"line":46,"column":36},"end":{"line":54,"column":1}},"line":46},"1":{"name":"(anonymous_1)","decl":{"start":{"line":56,"column":19},"end":{"line":56,"column":20}},"loc":{"start":{"line":56,"column":34},"end":{"line":62,"column":1}},"line":56},"2":{"name":"(anonymous_2)","decl":{"start":{"line":64,"column":39},"end":{"line":64,"column":46}},"loc":{"start":{"line":64,"column":59},"end":{"line":77,"column":1}},"line":64},"3":{"name":"(anonymous_3)","decl":{"start":{"line":79,"column":20},"end":{"line":79,"column":27}},"loc":{"start":{"line":79,"column":40},"end":{"line":100,"column":1}},"line":79},"4":{"name":"(anonymous_4)","decl":{"start":{"line":102,"column":24},"end":{"line":102,"column":31}},"loc":{"start":{"line":102,"column":44},"end":{"line":119,"column":1}},"line":102},"5":{"name":"(anonymous_5)","decl":{"start":{"line":121,"column":25},"end":{"line":121,"column":32}},"loc":{"start":{"line":121,"column":45},"end":{"line":137,"column":1}},"line":121},"6":{"name":"(anonymous_6)","decl":{"start":{"line":139,"column":27},"end":{"line":139,"column":34}},"loc":{"start":{"line":139,"column":47},"end":{"line":147,"column":1}},"line":139}},"branchMap":{"0":{"loc":{"start":{"line":67,"column":2},"end":{"line":69,"column":null}},"type":"if","locations":[{"start":{"line":67,"column":2},"end":{"line":69,"column":null}},{"start":{},"end":{}}],"line":67},"1":{"loc":{"start":{"line":83,"column":2},"end":{"line":86,"column":null}},"type":"if","locations":[{"start":{"line":83,"column":2},"end":{"line":86,"column":null}},{"start":{},"end":{}}],"line":83},"2":{"loc":{"start":{"line":108,"column":2},"end":{"line":111,"column":null}},"type":"if","locations":[{"start":{"line":108,"column":2},"end":{"line":111,"column":null}},{"start":{},"end":{}}],"line":108}},"s":{"0":7,"1":7,"2":7,"3":7,"4":7,"5":1,"6":1,"7":1,"8":7,"9":1,"10":7,"11":3,"12":3,"13":1,"14":2,"15":2,"16":1,"17":1,"18":7,"19":2,"20":2,"21":2,"22":1,"23":1,"24":1,"25":1,"26":1,"27":7,"28":2,"29":2,"30":2,"31":2,"32":1,"33":1,"34":1,"35":7,"36":1,"37":1,"38":1,"39":1,"40":1,"41":1,"42":7,"43":1,"44":1,"45":1,"46":1,"47":1},"f":{"0":1,"1":1,"2":3,"3":2,"4":2,"5":1,"6":1},"b":{"0":[1,2],"1":[1,1],"2":[1,1]},"meta":{"lastBranch":3,"lastFunction":7,"lastStatement":48,"seen":{"s:7:19:20:Infinity":0,"s:22:14:40:Infinity":1,"s:42:6:42:Infinity":2,"s:44:0:44:Infinity":3,"s:46:0:54:Infinity":4,"f:46:16:46:23":0,"s:47:17:47:Infinity":5,"s:48:21:48:Infinity":6,"s:50:2:53:Infinity":7,"s:56:0:62:Infinity":8,"f:56:19:56:20":1,"s:57:2:61:Infinity":9,"s:64:0:77:Infinity":10,"f:64:39:64:46":2,"s:65:18:65:Infinity":11,"b:67:2:69:Infinity:undefined:undefined:undefined:undefined":0,"s:67:2:69:Infinity":12,"s:68:4:68:Infinity":13,"s:71:2:76:Infinity":14,"s:72:19:72:Infinity":15,"s:73:4:73:Infinity":16,"s:75:4:75:Infinity":17,"s:79:0:100:Infinity":18,"f:79:20:79:27":3,"s:80:17:80:Infinity":19,"s:81:77:81:Infinity":20,"b:83:2:86:Infinity:undefined:undefined:undefined:undefined":1,"s:83:2:86:Infinity":21,"s:84:4:84:Infinity":22,"s:85:4:85:Infinity":23,"s:88:2:96:Infinity":24,"s:98:2:98:Infinity":25,"s:99:2:99:Infinity":26,"s:102:0:119:Infinity":27,"f:102:24:102:31":4,"s:103:17:103:Infinity":28,"s:104:13:104:Infinity":29,"s:106:15:106:Infinity":30,"b:108:2:111:Infinity:undefined:undefined:undefined:undefined":2,"s:108:2:111:Infinity":31,"s:109:4:109:Infinity":32,"s:110:4:110:Infinity":33,"s:113:2:118:Infinity":34,"s:121:0:137:Infinity":35,"f:121:25:121:32":5,"s:122:17:122:Infinity":36,"s:123:13:123:Infinity":37,"s:124:68:124:Infinity":38,"s:126:2:133:Infinity":39,"s:135:2:135:Infinity":40,"s:136:2:136:Infinity":41,"s:139:0:147:Infinity":42,"f:139:27:139:34":6,"s:140:17:140:Infinity":43,"s:141:13:141:Infinity":44,"s:143:2:143:Infinity":45,"s:145:2:145:Infinity":46,"s:146:2:146:Infinity":47}}}
,"/home/cwnelson/Dev/portfolio/pantry-bot/src/routes/preferences.ts": {"path":"/home/cwnelson/Dev/portfolio/pantry-bot/src/routes/preferences.ts","statementMap":{"0":{"start":{"line":8,"column":24},"end":{"line":19,"column":null}},"1":{"start":{"line":21,"column":24},"end":{"line":31,"column":null}},"2":{"start":{"line":33,"column":24},"end":{"line":44,"column":null}},"3":{"start":{"line":46,"column":6},"end":{"line":46,"column":null}},"4":{"start":{"line":48,"column":0},"end":{"line":48,"column":null}},"5":{"start":{"line":50,"column":0},"end":{"line":67,"column":null}},"6":{"start":{"line":51,"column":17},"end":{"line":51,"column":null}},"7":{"start":{"line":53,"column":17},"end":{"line":56,"column":null}},"8":{"start":{"line":58,"column":22},"end":{"line":58,"column":null}},"9":{"start":{"line":60,"column":2},"end":{"line":66,"column":null}},"10":{"start":{"line":69,"column":0},"end":{"line":126,"column":null}},"11":{"start":{"line":70,"column":17},"end":{"line":70,"column":null}},"12":{"start":{"line":77,"column":6},"end":{"line":77,"column":null}},"13":{"start":{"line":79,"column":28},"end":{"line":83,"column":null}},"14":{"start":{"line":82,"column":50},"end":{"line":82,"column":58}},"15":{"start":{"line":85,"column":26},"end":{"line":89,"column":null}},"16":{"start":{"line":88,"column":48},"end":{"line":88,"column":56}},"17":{"start":{"line":91,"column":29},"end":{"line":95,"column":null}},"18":{"start":{"line":94,"column":51},"end":{"line":94,"column":59}},"19":{"start":{"line":97,"column":28},"end":{"line":97,"column":null}},"20":{"start":{"line":99,"column":19},"end":{"line":102,"column":null}},"21":{"start":{"line":104,"column":2},"end":{"line":122,"column":null}},"22":{"start":{"line":105,"column":4},"end":{"line":113,"column":null}},"23":{"start":{"line":115,"column":4},"end":{"line":121,"column":null}},"24":{"start":{"line":124,"column":2},"end":{"line":124,"column":null}},"25":{"start":{"line":125,"column":2},"end":{"line":125,"column":null}}},"fnMap":{"0":{"name":"(anonymous_0)","decl":{"start":{"line":50,"column":16},"end":{"line":50,"column":23}},"loc":{"start":{"line":50,"column":36},"end":{"line":67,"column":1}},"line":50},"1":{"name":"(anonymous_1)","decl":{"start":{"line":69,"column":17},"end":{"line":69,"column":24}},"loc":{"start":{"line":69,"column":37},"end":{"line":126,"column":1}},"line":69},"2":{"name":"(anonymous_2)","decl":{"start":{"line":82,"column":35},"end":{"line":82,"column":36}},"loc":{"start":{"line":82,"column":50},"end":{"line":82,"column":58}},"line":82},"3":{"name":"(anonymous_3)","decl":{"start":{"line":88,"column":33},"end":{"line":88,"column":34}},"loc":{"start":{"line":88,"column":48},"end":{"line":88,"column":56}},"line":88},"4":{"name":"(anonymous_4)","decl":{"start":{"line":94,"column":36},"end":{"line":94,"column":37}},"loc":{"start":{"line":94,"column":51},"end":{"line":94,"column":59}},"line":94}},"branchMap":{"0":{"loc":{"start":{"line":58,"column":22},"end":{"line":58,"column":null}},"type":"cond-expr","locations":[{"start":{"line":58,"column":42},"end":{"line":58,"column":54}},{"start":{"line":58,"column":54},"end":{"line":58,"column":null}}],"line":58},"1":{"loc":{"start":{"line":79,"column":28},"end":{"line":83,"column":null}},"type":"cond-expr","locations":[{"start":{"line":80,"column":6},"end":{"line":80,"column":null}},{"start":{"line":81,"column":6},"end":{"line":83,"column":null}}],"line":79},"2":{"loc":{"start":{"line":81,"column":6},"end":{"line":83,"column":null}},"type":"cond-expr","locations":[{"start":{"line":82,"column":8},"end":{"line":82,"column":null}},{"start":{"line":83,"column":8},"end":{"line":83,"column":null}}],"line":81},"3":{"loc":{"start":{"line":85,"column":26},"end":{"line":89,"column":null}},"type":"cond-expr","locations":[{"start":{"line":86,"column":6},"end":{"line":86,"column":null}},{"start":{"line":87,"column":6},"end":{"line":89,"column":null}}],"line":85},"4":{"loc":{"start":{"line":87,"column":6},"end":{"line":89,"column":null}},"type":"cond-expr","locations":[{"start":{"line":88,"column":8},"end":{"line":88,"column":null}},{"start":{"line":89,"column":8},"end":{"line":89,"column":null}}],"line":87},"5":{"loc":{"start":{"line":91,"column":29},"end":{"line":95,"column":null}},"type":"cond-expr","locations":[{"start":{"line":92,"column":6},"end":{"line":92,"column":null}},{"start":{"line":93,"column":6},"end":{"line":95,"column":null}}],"line":91},"6":{"loc":{"start":{"line":93,"column":6},"end":{"line":95,"column":null}},"type":"cond-expr","locations":[{"start":{"line":94,"column":8},"end":{"line":94,"column":null}},{"start":{"line":95,"column":8},"end":{"line":95,"column":null}}],"line":93},"7":{"loc":{"start":{"line":97,"column":28},"end":{"line":97,"column":null}},"type":"cond-expr","locations":[{"start":{"line":97,"column":42},"end":{"line":97,"column":66}},{"start":{"line":97,"column":66},"end":{"line":97,"column":null}}],"line":97},"8":{"loc":{"start":{"line":104,"column":2},"end":{"line":122,"column":null}},"type":"if","locations":[{"start":{"line":104,"column":2},"end":{"line":122,"column":null}},{"start":{"line":114,"column":9},"end":{"line":122,"column":null}}],"line":104}},"s":{"0":7,"1":7,"2":7,"3":7,"4":7,"5":7,"6":2,"7":2,"8":2,"9":2,"10":7,"11":4,"12":4,"13":4,"14":3,"15":4,"16":1,"17":4,"18":1,"19":4,"20":4,"21":4,"22":2,"23":2,"24":4,"25":4},"f":{"0":2,"1":4,"2":3,"3":1,"4":1},"b":{"0":[1,1],"1":[1,3],"2":[2,1],"3":[0,4],"4":[1,3],"5":[0,4],"6":[1,3],"7":[2,2],"8":[2,2]},"meta":{"lastBranch":9,"lastFunction":5,"lastStatement":26,"seen":{"s:8:24:19:Infinity":0,"s:21:24:31:Infinity":1,"s:33:24:44:Infinity":2,"s:46:6:46:Infinity":3,"s:48:0:48:Infinity":4,"s:50:0:67:Infinity":5,"f:50:16:50:23":0,"s:51:17:51:Infinity":6,"s:53:17:56:Infinity":7,"s:58:22:58:Infinity":8,"b:58:42:58:54:58:54:58:Infinity":0,"s:60:2:66:Infinity":9,"s:69:0:126:Infinity":10,"f:69:17:69:24":1,"s:70:17:70:Infinity":11,"s:77:6:77:Infinity":12,"s:79:28:83:Infinity":13,"b:80:6:80:Infinity:81:6:83:Infinity":1,"b:82:8:82:Infinity:83:8:83:Infinity":2,"f:82:35:82:36":2,"s:82:50:82:58":14,"s:85:26:89:Infinity":15,"b:86:6:86:Infinity:87:6:89:Infinity":3,"b:88:8:88:Infinity:89:8:89:Infinity":4,"f:88:33:88:34":3,"s:88:48:88:56":16,"s:91:29:95:Infinity":17,"b:92:6:92:Infinity:93:6:95:Infinity":5,"b:94:8:94:Infinity:95:8:95:Infinity":6,"f:94:36:94:37":4,"s:94:51:94:59":18,"s:97:28:97:Infinity":19,"b:97:42:97:66:97:66:97:Infinity":7,"s:99:19:102:Infinity":20,"b:104:2:122:Infinity:114:9:122:Infinity":8,"s:104:2:122:Infinity":21,"s:105:4:113:Infinity":22,"s:115:4:121:Infinity":23,"s:124:2:124:Infinity":24,"s:125:2:125:Infinity":25}}}
,"/home/cwnelson/Dev/portfolio/pantry-bot/src/routes/recipes.ts": {"path":"/home/cwnelson/Dev/portfolio/pantry-bot/src/routes/recipes.ts","statementMap":{"0":{"start":{"line":11,"column":6},"end":{"line":11,"column":null}},"1":{"start":{"line":13,"column":0},"end":{"line":13,"column":null}},"2":{"start":{"line":15,"column":0},"end":{"line":17,"column":null}},"3":{"start":{"line":16,"column":2},"end":{"line":16,"column":null}},"4":{"start":{"line":19,"column":0},"end":{"line":40,"column":null}},"5":{"start":{"line":20,"column":17},"end":{"line":20,"column":null}},"6":{"start":{"line":22,"column":2},"end":{"line":39,"column":null}},"7":{"start":{"line":23,"column":24},"end":{"line":23,"column":null}},"8":{"start":{"line":24,"column":28},"end":{"line":24,"column":null}},"9":{"start":{"line":24,"column":54},"end":{"line":24,"column":63}},"10":{"start":{"line":25,"column":20},"end":{"line":25,"column":null}},"11":{"start":{"line":27,"column":4},"end":{"line":31,"column":null}},"12":{"start":{"line":33,"column":4},"end":{"line":33,"column":null}},"13":{"start":{"line":34,"column":4},"end":{"line":38,"column":null}},"14":{"start":{"line":42,"column":0},"end":{"line":54,"column":null}},"15":{"start":{"line":43,"column":17},"end":{"line":43,"column":null}},"16":{"start":{"line":45,"column":18},"end":{"line":48,"column":null}},"17":{"start":{"line":50,"column":2},"end":{"line":53,"column":null}},"18":{"start":{"line":56,"column":0},"end":{"line":64,"column":null}},"19":{"start":{"line":57,"column":17},"end":{"line":57,"column":null}},"20":{"start":{"line":58,"column":22},"end":{"line":58,"column":null}},"21":{"start":{"line":60,"column":2},"end":{"line":63,"column":null}},"22":{"start":{"line":66,"column":0},"end":{"line":97,"column":null}},"23":{"start":{"line":67,"column":17},"end":{"line":67,"column":null}},"24":{"start":{"line":69,"column":2},"end":{"line":96,"column":null}},"25":{"start":{"line":70,"column":34},"end":{"line":74,"column":null}},"26":{"start":{"line":76,"column":18},"end":{"line":79,"column":null}},"27":{"start":{"line":81,"column":24},"end":{"line":81,"column":null}},"28":{"start":{"line":83,"column":19},"end":{"line":83,"column":null}},"29":{"start":{"line":85,"column":4},"end":{"line":90,"column":null}},"30":{"start":{"line":93,"column":6},"end":{"line":93,"column":null}},"31":{"start":{"line":94,"column":4},"end":{"line":94,"column":null}},"32":{"start":{"line":95,"column":4},"end":{"line":95,"column":null}},"33":{"start":{"line":99,"column":0},"end":{"line":117,"column":null}},"34":{"start":{"line":100,"column":13},"end":{"line":100,"column":null}},"35":{"start":{"line":101,"column":2},"end":{"line":101,"column":null}},"36":{"start":{"line":101,"column":17},"end":{"line":101,"column":null}},"37":{"start":{"line":103,"column":2},"end":{"line":116,"column":null}},"38":{"start":{"line":104,"column":19},"end":{"line":104,"column":null}},"39":{"start":{"line":106,"column":4},"end":{"line":110,"column":null}},"40":{"start":{"line":113,"column":6},"end":{"line":113,"column":null}},"41":{"start":{"line":114,"column":4},"end":{"line":114,"column":null}},"42":{"start":{"line":115,"column":4},"end":{"line":115,"column":null}},"43":{"start":{"line":119,"column":0},"end":{"line":154,"column":null}},"44":{"start":{"line":120,"column":17},"end":{"line":120,"column":null}},"45":{"start":{"line":121,"column":13},"end":{"line":121,"column":null}},"46":{"start":{"line":122,"column":2},"end":{"line":122,"column":null}},"47":{"start":{"line":122,"column":17},"end":{"line":122,"column":null}},"48":{"start":{"line":124,"column":2},"end":{"line":153,"column":null}},"49":{"start":{"line":125,"column":19},"end":{"line":125,"column":null}},"50":{"start":{"line":126,"column":24},"end":{"line":126,"column":null}},"51":{"start":{"line":127,"column":24},"end":{"line":127,"column":null}},"52":{"start":{"line":127,"column":50},"end":{"line":127,"column":59}},"53":{"start":{"line":129,"column":18},"end":{"line":132,"column":null}},"54":{"start":{"line":134,"column":24},"end":{"line":134,"column":null}},"55":{"start":{"line":136,"column":28},"end":{"line":140,"column":null}},"56":{"start":{"line":142,"column":4},"end":{"line":147,"column":null}},"57":{"start":{"line":150,"column":6},"end":{"line":150,"column":null}},"58":{"start":{"line":151,"column":4},"end":{"line":151,"column":null}},"59":{"start":{"line":152,"column":4},"end":{"line":152,"column":null}},"60":{"start":{"line":156,"column":0},"end":{"line":188,"column":null}},"61":{"start":{"line":157,"column":17},"end":{"line":157,"column":null}},"62":{"start":{"line":170,"column":6},"end":{"line":170,"column":null}},"63":{"start":{"line":172,"column":2},"end":{"line":184,"column":null}},"64":{"start":{"line":186,"column":2},"end":{"line":186,"column":null}},"65":{"start":{"line":187,"column":2},"end":{"line":187,"column":null}}},"fnMap":{"0":{"name":"(anonymous_0)","decl":{"start":{"line":15,"column":16},"end":{"line":15,"column":17}},"loc":{"start":{"line":15,"column":50},"end":{"line":17,"column":1}},"line":15},"1":{"name":"(anonymous_1)","decl":{"start":{"line":19,"column":22},"end":{"line":19,"column":29}},"loc":{"start":{"line":19,"column":61},"end":{"line":40,"column":1}},"line":19},"2":{"name":"(anonymous_2)","decl":{"start":{"line":24,"column":44},"end":{"line":24,"column":45}},"loc":{"start":{"line":24,"column":54},"end":{"line":24,"column":63}},"line":24},"3":{"name":"(anonymous_3)","decl":{"start":{"line":42,"column":21},"end":{"line":42,"column":28}},"loc":{"start":{"line":42,"column":60},"end":{"line":54,"column":1}},"line":42},"4":{"name":"(anonymous_4)","decl":{"start":{"line":56,"column":24},"end":{"line":56,"column":31}},"loc":{"start":{"line":56,"column":63},"end":{"line":64,"column":1}},"line":56},"5":{"name":"(anonymous_5)","decl":{"start":{"line":66,"column":25},"end":{"line":66,"column":32}},"loc":{"start":{"line":66,"column":64},"end":{"line":97,"column":1}},"line":66},"6":{"name":"(anonymous_6)","decl":{"start":{"line":99,"column":19},"end":{"line":99,"column":26}},"loc":{"start":{"line":99,"column":58},"end":{"line":117,"column":1}},"line":99},"7":{"name":"(anonymous_7)","decl":{"start":{"line":119,"column":32},"end":{"line":119,"column":39}},"loc":{"start":{"line":119,"column":71},"end":{"line":154,"column":1}},"line":119},"8":{"name":"(anonymous_8)","decl":{"start":{"line":127,"column":40},"end":{"line":127,"column":41}},"loc":{"start":{"line":127,"column":50},"end":{"line":127,"column":59}},"line":127},"9":{"name":"(anonymous_9)","decl":{"start":{"line":156,"column":21},"end":{"line":156,"column":28}},"loc":{"start":{"line":156,"column":60},"end":{"line":188,"column":1}},"line":156}},"branchMap":{"0":{"loc":{"start":{"line":70,"column":34},"end":{"line":74,"column":null}},"type":"cond-expr","locations":[{"start":{"line":71,"column":8},"end":{"line":71,"column":null}},{"start":{"line":72,"column":8},"end":{"line":74,"column":null}}],"line":70},"1":{"loc":{"start":{"line":72,"column":8},"end":{"line":74,"column":null}},"type":"cond-expr","locations":[{"start":{"line":73,"column":10},"end":{"line":73,"column":null}},{"start":{"line":74,"column":10},"end":{"line":74,"column":null}}],"line":72},"2":{"loc":{"start":{"line":81,"column":24},"end":{"line":81,"column":null}},"type":"cond-expr","locations":[{"start":{"line":81,"column":43},"end":{"line":81,"column":54}},{"start":{"line":81,"column":54},"end":{"line":81,"column":null}}],"line":81},"3":{"loc":{"start":{"line":93,"column":6},"end":{"line":93,"column":null}},"type":"cond-expr","locations":[{"start":{"line":93,"column":29},"end":{"line":93,"column":43}},{"start":{"line":93,"column":43},"end":{"line":93,"column":null}}],"line":93},"4":{"loc":{"start":{"line":101,"column":2},"end":{"line":101,"column":null}},"type":"if","locations":[{"start":{"line":101,"column":2},"end":{"line":101,"column":null}},{"start":{},"end":{}}],"line":101},"5":{"loc":{"start":{"line":113,"column":6},"end":{"line":113,"column":null}},"type":"cond-expr","locations":[{"start":{"line":113,"column":29},"end":{"line":113,"column":43}},{"start":{"line":113,"column":43},"end":{"line":113,"column":null}}],"line":113},"6":{"loc":{"start":{"line":122,"column":2},"end":{"line":122,"column":null}},"type":"if","locations":[{"start":{"line":122,"column":2},"end":{"line":122,"column":null}},{"start":{},"end":{}}],"line":122},"7":{"loc":{"start":{"line":134,"column":24},"end":{"line":134,"column":null}},"type":"cond-expr","locations":[{"start":{"line":134,"column":43},"end":{"line":134,"column":54}},{"start":{"line":134,"column":54},"end":{"line":134,"column":null}}],"line":134},"8":{"loc":{"start":{"line":150,"column":6},"end":{"line":150,"column":null}},"type":"cond-expr","locations":[{"start":{"line":150,"column":29},"end":{"line":150,"column":43}},{"start":{"line":150,"column":43},"end":{"line":150,"column":null}}],"line":150},"9":{"loc":{"start":{"line":175,"column":19},"end":{"line":175,"column":null}},"type":"cond-expr","locations":[{"start":{"line":175,"column":35},"end":{"line":175,"column":61}},{"start":{"line":175,"column":61},"end":{"line":175,"column":null}}],"line":175},"10":{"loc":{"start":{"line":176,"column":12},"end":{"line":176,"column":null}},"type":"binary-expr","locations":[{"start":{"line":176,"column":12},"end":{"line":176,"column":22}},{"start":{"line":176,"column":22},"end":{"line":176,"column":null}}],"line":176},"11":{"loc":{"start":{"line":177,"column":21},"end":{"line":177,"column":null}},"type":"cond-expr","locations":[{"start":{"line":177,"column":39},"end":{"line":177,"column":69}},{"start":{"line":177,"column":69},"end":{"line":177,"column":null}}],"line":177},"12":{"loc":{"start":{"line":178,"column":22},"end":{"line":178,"column":null}},"type":"cond-expr","locations":[{"start":{"line":178,"column":41},"end":{"line":178,"column":72}},{"start":{"line":178,"column":72},"end":{"line":178,"column":null}}],"line":178},"13":{"loc":{"start":{"line":179,"column":21},"end":{"line":179,"column":null}},"type":"binary-expr","locations":[{"start":{"line":179,"column":21},"end":{"line":179,"column":40}},{"start":{"line":179,"column":40},"end":{"line":179,"column":null}}],"line":179},"14":{"loc":{"start":{"line":180,"column":14},"end":{"line":180,"column":null}},"type":"cond-expr","locations":[{"start":{"line":180,"column":25},"end":{"line":180,"column":46}},{"start":{"line":180,"column":46},"end":{"line":180,"column":null}}],"line":180},"15":{"loc":{"start":{"line":181,"column":20},"end":{"line":181,"column":null}},"type":"cond-expr","locations":[{"start":{"line":181,"column":37},"end":{"line":181,"column":64}},{"start":{"line":181,"column":64},"end":{"line":181,"column":null}}],"line":181},"16":{"loc":{"start":{"line":182,"column":14},"end":{"line":182,"column":null}},"type":"binary-expr","locations":[{"start":{"line":182,"column":14},"end":{"line":182,"column":26}},{"start":{"line":182,"column":26},"end":{"line":182,"column":null}}],"line":182},"17":{"loc":{"start":{"line":183,"column":19},"end":{"line":183,"column":null}},"type":"cond-expr","locations":[{"start":{"line":183,"column":35},"end":{"line":183,"column":63}},{"start":{"line":183,"column":63},"end":{"line":183,"column":null}}],"line":183}},"s":{"0":7,"1":7,"2":7,"3":1,"4":7,"5":2,"6":2,"7":2,"8":2,"9":2,"10":2,"11":1,"12":1,"13":1,"14":7,"15":1,"16":1,"17":1,"18":7,"19":1,"20":1,"21":1,"22":7,"23":2,"24":2,"25":2,"26":2,"27":2,"28":2,"29":1,"30":1,"31":1,"32":1,"33":7,"34":3,"35":3,"36":1,"37":2,"38":2,"39":1,"40":1,"41":1,"42":1,"43":7,"44":2,"45":2,"46":2,"47":0,"48":2,"49":2,"50":1,"51":1,"52":2,"53":1,"54":1,"55":2,"56":1,"57":1,"58":1,"59":1,"60":7,"61":1,"62":1,"63":1,"64":1,"65":1},"f":{"0":1,"1":2,"2":2,"3":1,"4":1,"5":2,"6":3,"7":2,"8":2,"9":1},"b":{"0":[1,1],"1":[1,0],"2":[0,2],"3":[1,0],"4":[1,2],"5":[1,0],"6":[0,2],"7":[0,1],"8":[1,0],"9":[1,0],"10":[1,0],"11":[0,1],"12":[0,1],"13":[1,1],"14":[1,0],"15":[1,0],"16":[1,1],"17":[0,1]},"meta":{"lastBranch":18,"lastFunction":10,"lastStatement":66,"seen":{"s:11:6:11:Infinity":0,"s:13:0:13:Infinity":1,"s:15:0:17:Infinity":2,"f:15:16:15:17":0,"s:16:2:16:Infinity":3,"s:19:0:40:Infinity":4,"f:19:22:19:29":1,"s:20:17:20:Infinity":5,"s:22:2:39:Infinity":6,"s:23:24:23:Infinity":7,"s:24:28:24:Infinity":8,"f:24:44:24:45":2,"s:24:54:24:63":9,"s:25:20:25:Infinity":10,"s:27:4:31:Infinity":11,"s:33:4:33:Infinity":12,"s:34:4:38:Infinity":13,"s:42:0:54:Infinity":14,"f:42:21:42:28":3,"s:43:17:43:Infinity":15,"s:45:18:48:Infinity":16,"s:50:2:53:Infinity":17,"s:56:0:64:Infinity":18,"f:56:24:56:31":4,"s:57:17:57:Infinity":19,"s:58:22:58:Infinity":20,"s:60:2:63:Infinity":21,"s:66:0:97:Infinity":22,"f:66:25:66:32":5,"s:67:17:67:Infinity":23,"s:69:2:96:Infinity":24,"s:70:34:74:Infinity":25,"b:71:8:71:Infinity:72:8:74:Infinity":0,"b:73:10:73:Infinity:74:10:74:Infinity":1,"s:76:18:79:Infinity":26,"s:81:24:81:Infinity":27,"b:81:43:81:54:81:54:81:Infinity":2,"s:83:19:83:Infinity":28,"s:85:4:90:Infinity":29,"s:93:6:93:Infinity":30,"b:93:29:93:43:93:43:93:Infinity":3,"s:94:4:94:Infinity":31,"s:95:4:95:Infinity":32,"s:99:0:117:Infinity":33,"f:99:19:99:26":6,"s:100:13:100:Infinity":34,"b:101:2:101:Infinity:undefined:undefined:undefined:undefined":4,"s:101:2:101:Infinity":35,"s:101:17:101:Infinity":36,"s:103:2:116:Infinity":37,"s:104:19:104:Infinity":38,"s:106:4:110:Infinity":39,"s:113:6:113:Infinity":40,"b:113:29:113:43:113:43:113:Infinity":5,"s:114:4:114:Infinity":41,"s:115:4:115:Infinity":42,"s:119:0:154:Infinity":43,"f:119:32:119:39":7,"s:120:17:120:Infinity":44,"s:121:13:121:Infinity":45,"b:122:2:122:Infinity:undefined:undefined:undefined:undefined":6,"s:122:2:122:Infinity":46,"s:122:17:122:Infinity":47,"s:124:2:153:Infinity":48,"s:125:19:125:Infinity":49,"s:126:24:126:Infinity":50,"s:127:24:127:Infinity":51,"f:127:40:127:41":8,"s:127:50:127:59":52,"s:129:18:132:Infinity":53,"s:134:24:134:Infinity":54,"b:134:43:134:54:134:54:134:Infinity":7,"s:136:28:140:Infinity":55,"s:142:4:147:Infinity":56,"s:150:6:150:Infinity":57,"b:150:29:150:43:150:43:150:Infinity":8,"s:151:4:151:Infinity":58,"s:152:4:152:Infinity":59,"s:156:0:188:Infinity":60,"f:156:21:156:28":9,"s:157:17:157:Infinity":61,"s:170:6:170:Infinity":62,"s:172:2:184:Infinity":63,"b:175:35:175:61:175:61:175:Infinity":9,"b:176:12:176:22:176:22:176:Infinity":10,"b:177:39:177:69:177:69:177:Infinity":11,"b:178:41:178:72:178:72:178:Infinity":12,"b:179:21:179:40:179:40:179:Infinity":13,"b:180:25:180:46:180:46:180:Infinity":14,"b:181:37:181:64:181:64:181:Infinity":15,"b:182:14:182:26:182:26:182:Infinity":16,"b:183:35:183:63:183:63:183:Infinity":17,"s:186:2:186:Infinity":64,"s:187:2:187:Infinity":65}}}
,"/home/cwnelson/Dev/portfolio/pantry-bot/src/services/auth.service.ts": {"path":"/home/cwnelson/Dev/portfolio/pantry-bot/src/services/auth.service.ts","statementMap":{"0":{"start":{"line":6,"column":20},"end":{"line":6,"column":null}},"1":{"start":{"line":14,"column":19},"end":{"line":17,"column":null}},"2":{"start":{"line":19,"column":2},"end":{"line":21,"column":null}},"3":{"start":{"line":20,"column":4},"end":{"line":20,"column":null}},"4":{"start":{"line":23,"column":23},"end":{"line":23,"column":null}},"5":{"start":{"line":25,"column":17},"end":{"line":32,"column":null}},"6":{"start":{"line":34,"column":15},"end":{"line":34,"column":null}},"7":{"start":{"line":35,"column":54},"end":{"line":35,"column":null}},"8":{"start":{"line":36,"column":2},"end":{"line":36,"column":null}},"9":{"start":{"line":40,"column":17},"end":{"line":43,"column":null}},"10":{"start":{"line":45,"column":2},"end":{"line":47,"column":null}},"11":{"start":{"line":46,"column":4},"end":{"line":46,"column":null}},"12":{"start":{"line":49,"column":15},"end":{"line":49,"column":null}},"13":{"start":{"line":50,"column":18},"end":{"line":50,"column":null}},"14":{"start":{"line":52,"column":2},"end":{"line":54,"column":null}},"15":{"start":{"line":53,"column":4},"end":{"line":53,"column":null}},"16":{"start":{"line":56,"column":54},"end":{"line":56,"column":null}},"17":{"start":{"line":57,"column":2},"end":{"line":57,"column":null}},"18":{"start":{"line":61,"column":17},"end":{"line":64,"column":null}},"19":{"start":{"line":66,"column":2},"end":{"line":68,"column":null}},"20":{"start":{"line":67,"column":4},"end":{"line":67,"column":null}},"21":{"start":{"line":70,"column":15},"end":{"line":70,"column":null}},"22":{"start":{"line":71,"column":54},"end":{"line":71,"column":null}},"23":{"start":{"line":72,"column":2},"end":{"line":72,"column":null}}},"fnMap":{"0":{"name":"registerUser","decl":{"start":{"line":8,"column":22},"end":{"line":8,"column":null}},"loc":{"start":{"line":12,"column":2},"end":{"line":37,"column":null}},"line":12},"1":{"name":"loginUser","decl":{"start":{"line":39,"column":22},"end":{"line":39,"column":32}},"loc":{"start":{"line":39,"column":65},"end":{"line":58,"column":null}},"line":39},"2":{"name":"getUserById","decl":{"start":{"line":60,"column":22},"end":{"line":60,"column":34}},"loc":{"start":{"line":60,"column":46},"end":{"line":73,"column":null}},"line":60}},"branchMap":{"0":{"loc":{"start":{"line":19,"column":2},"end":{"line":21,"column":null}},"type":"if","locations":[{"start":{"line":19,"column":2},"end":{"line":21,"column":null}},{"start":{},"end":{}}],"line":19},"1":{"loc":{"start":{"line":30,"column":19},"end":{"line":30,"column":null}},"type":"binary-expr","locations":[{"start":{"line":30,"column":19},"end":{"line":30,"column":34}},{"start":{"line":30,"column":34},"end":{"line":30,"column":null}}],"line":30},"2":{"loc":{"start":{"line":45,"column":2},"end":{"line":47,"column":null}},"type":"if","locations":[{"start":{"line":45,"column":2},"end":{"line":47,"column":null}},{"start":{},"end":{}}],"line":45},"3":{"loc":{"start":{"line":52,"column":2},"end":{"line":54,"column":null}},"type":"if","locations":[{"start":{"line":52,"column":2},"end":{"line":54,"column":null}},{"start":{},"end":{}}],"line":52},"4":{"loc":{"start":{"line":66,"column":2},"end":{"line":68,"column":null}},"type":"if","locations":[{"start":{"line":66,"column":2},"end":{"line":68,"column":null}},{"start":{},"end":{}}],"line":66}},"s":{"0":2,"1":2,"2":2,"3":1,"4":1,"5":1,"6":1,"7":1,"8":1,"9":3,"10":3,"11":1,"12":2,"13":2,"14":2,"15":1,"16":1,"17":1,"18":2,"19":2,"20":1,"21":1,"22":1,"23":1},"f":{"0":2,"1":3,"2":2},"b":{"0":[1,1],"1":[1,0],"2":[1,2],"3":[1,1],"4":[1,1]},"meta":{"lastBranch":5,"lastFunction":3,"lastStatement":24,"seen":{"s:6:20:6:Infinity":0,"f:8:22:8:Infinity":0,"s:14:19:17:Infinity":1,"b:19:2:21:Infinity:undefined:undefined:undefined:undefined":0,"s:19:2:21:Infinity":2,"s:20:4:20:Infinity":3,"s:23:23:23:Infinity":4,"s:25:17:32:Infinity":5,"b:30:19:30:34:30:34:30:Infinity":1,"s:34:15:34:Infinity":6,"s:35:54:35:Infinity":7,"s:36:2:36:Infinity":8,"f:39:22:39:32":1,"s:40:17:43:Infinity":9,"b:45:2:47:Infinity:undefined:undefined:undefined:undefined":2,"s:45:2:47:Infinity":10,"s:46:4:46:Infinity":11,"s:49:15:49:Infinity":12,"s:50:18:50:Infinity":13,"b:52:2:54:Infinity:undefined:undefined:undefined:undefined":3,"s:52:2:54:Infinity":14,"s:53:4:53:Infinity":15,"s:56:54:56:Infinity":16,"s:57:2:57:Infinity":17,"f:60:22:60:34":2,"s:61:17:64:Infinity":18,"b:66:2:68:Infinity:undefined:undefined:undefined:undefined":4,"s:66:2:68:Infinity":19,"s:67:4:67:Infinity":20,"s:70:15:70:Infinity":21,"s:71:54:71:Infinity":22,"s:72:2:72:Infinity":23}}}
,"/home/cwnelson/Dev/portfolio/pantry-bot/src/services/claude.service.ts": {"path":"/home/cwnelson/Dev/portfolio/pantry-bot/src/services/claude.service.ts","statementMap":{"0":{"start":{"line":5,"column":2},"end":{"line":7,"column":null}},"1":{"start":{"line":6,"column":4},"end":{"line":6,"column":null}},"2":{"start":{"line":8,"column":2},"end":{"line":8,"column":null}},"3":{"start":{"line":38,"column":17},"end":{"line":38,"column":null}},"4":{"start":{"line":40,"column":17},"end":{"line":54,"column":null}},"5":{"start":{"line":64,"column":18},"end":{"line":73,"column":null}},"6":{"start":{"line":75,"column":20},"end":{"line":75,"column":null}},"7":{"start":{"line":75,"column":52},"end":{"line":75,"column":73}},"8":{"start":{"line":76,"column":2},"end":{"line":76,"column":null}},"9":{"start":{"line":83,"column":17},"end":{"line":83,"column":null}},"10":{"start":{"line":85,"column":17},"end":{"line":94,"column":null}},"11":{"start":{"line":112,"column":18},"end":{"line":121,"column":null}},"12":{"start":{"line":123,"column":20},"end":{"line":123,"column":null}},"13":{"start":{"line":123,"column":52},"end":{"line":123,"column":73}},"14":{"start":{"line":124,"column":22},"end":{"line":124,"column":null}},"15":{"start":{"line":127,"column":16},"end":{"line":127,"column":null}},"16":{"start":{"line":128,"column":20},"end":{"line":128,"column":null}},"17":{"start":{"line":129,"column":2},"end":{"line":131,"column":null}},"18":{"start":{"line":130,"column":4},"end":{"line":130,"column":null}},"19":{"start":{"line":133,"column":17},"end":{"line":133,"column":null}},"20":{"start":{"line":135,"column":2},"end":{"line":142,"column":null}}},"fnMap":{"0":{"name":"getClient","decl":{"start":{"line":4,"column":9},"end":{"line":4,"column":32}},"loc":{"start":{"line":4,"column":32},"end":{"line":9,"column":null}},"line":4},"1":{"name":"personalizeRecipe","decl":{"start":{"line":33,"column":22},"end":{"line":33,"column":null}},"loc":{"start":{"line":37,"column":19},"end":{"line":77,"column":null}},"line":37},"2":{"name":"(anonymous_2)","decl":{"start":{"line":75,"column":41},"end":{"line":75,"column":42}},"loc":{"start":{"line":75,"column":52},"end":{"line":75,"column":73}},"line":75},"3":{"name":"generateRecipe","decl":{"start":{"line":79,"column":22},"end":{"line":79,"column":null}},"loc":{"start":{"line":82,"column":28},"end":{"line":143,"column":null}},"line":82},"4":{"name":"(anonymous_4)","decl":{"start":{"line":123,"column":41},"end":{"line":123,"column":42}},"loc":{"start":{"line":123,"column":52},"end":{"line":123,"column":73}},"line":123}},"branchMap":{"0":{"loc":{"start":{"line":5,"column":2},"end":{"line":7,"column":null}},"type":"if","locations":[{"start":{"line":5,"column":2},"end":{"line":7,"column":null}},{"start":{},"end":{}}],"line":5},"1":{"loc":{"start":{"line":51,"column":2},"end":{"line":51,"column":104}},"type":"cond-expr","locations":[{"start":{"line":51,"c
[...]
ault-arg","locations":[{"start":{"line":110,"column":70},"end":{"line":110,"column":73}}],"line":110},"17":{"loc":{"start":{"line":135,"column":21},"end":{"line":135,"column":null}},"type":"binary-expr","locations":[{"start":{"line":135,"column":21},"end":{"line":135,"column":38}},{"start":{"line":135,"column":38},"end":{"line":135,"column":null}}],"line":135},"18":{"loc":{"start":{"line":136,"column":4},"end":{"line":138,"column":null}},"type":"if","locations":[{"start":{"line":136,"column":4},"end":{"line":138,"column":null}},{"start":{},"end":{}}],"line":136}},"s":{"0":1,"1":6,"2":6,"3":3,"4":3,"5":1,"6":1,"7":2,"8":2,"9":1,"10":1,"11":1,"12":1,"13":1,"14":0,"15":1,"16":0,"17":1,"18":1,"19":1,"20":1,"21":1,"22":0,"23":1,"24":1,"25":1,"26":1,"27":2,"28":2,"29":1,"30":1,"31":1,"32":1,"33":3,"34":3,"35":3,"36":4,"37":4,"38":3,"39":4,"40":3},"f":{"0":1,"1":6,"2":1,"3":2,"4":2,"5":1,"6":3},"b":{"0":[3,3],"1":[1,0],"2":[1,0],"3":[1,0],"4":[1,1],"5":[1,1],"6":[1,1],"7":[1,1],"8":[1,0],"9":[0,1],"10":[0,1],"11":[0,1],"12":[0,1],"13":[0,1],"14":[0,1],"15":[1,1],"16":[1],"17":[4,1],"18":[3,1]},"meta":{"lastBranch":19,"lastFunction":7,"lastStatement":41,"seen":{"f:5:22:5:31":0,"s:6:2:10:Infinity":0,"f:13:22:13:30":1,"s:14:17:17:Infinity":1,"b:19:2:21:Infinity:undefined:undefined:undefined:undefined":0,"s:19:2:21:Infinity":2,"s:20:4:20:Infinity":3,"s:23:2:23:Infinity":4,"f:26:22:26:Infinity":2,"s:38:17:50:Infinity":5,"b:43:16:43:33:43:33:43:Infinity":1,"b:44:12:44:25:44:25:44:Infinity":2,"b:45:16:45:33:45:33:45:Infinity":3,"b:46:22:46:45:46:45:46:Infinity":4,"b:47:13:47:27:47:27:47:Infinity":5,"b:48:15:48:31:48:31:48:Infinity":6,"s:52:2:52:Infinity":6,"f:55:22:55:Infinity":3,"s:69:19:69:Infinity":7,"b:70:2:72:Infinity:undefined:undefined:undefined:undefined":7,"s:70:2:72:Infinity":8,"s:71:4:71:Infinity":9,"s:74:46:76:Infinity":10,"b:78:2:78:Infinity:undefined:undefined:undefined:undefined":8,"s:78:2:78:Infinity":11,"s:78:31:78:Infinity":12,"b:79:2:79:Infinity:undefined:undefined:undefined:undefined":9,"s:79:2:79:Infinity":13,"s:79:35:79:Infinity":14,"b:80:2:80:Infinity:undefined:undefined:undefined:undefined":10,"s:80:2:80:Infinity":15,"s:80:31:80:Infinity":16,"b:81:2:81:Infinity:undefined:undefined:undefined:undefined":11,"s:81:2:81:Infinity":17,"s:81:35:81:Infinity":18,"b:82:2:83:Infinity:undefined:undefined:undefined:undefined":12,"s:82:2:83:Infinity":19,"s:83:4:83:Infinity":20,"b:84:2:84:Infinity:undefined:undefined:undefined:undefined":13,"s:84:2:84:Infinity":21,"s:84:32:84:Infinity":22,"b:85:2:85:Infinity:undefined:undefined:undefined:undefined":14,"s:85:2:85:Infinity":23,"s:85:34:85:Infinity":24,"s:87:17:91:Infinity":25,"s:93:2:93:Infinity":26,"f:96:22:96:33":4,"s:98:19:98:Infinity":27,"b:99:2:101:Infinity:undefined:undefined:undefined:undefined":15,"s:99:2:101:Infinity":28,"s:100:4:100:Infinity":29,"s:103:2:105:Infinity":30,"s:107:2:107:Infinity":31,"f:110:22:110:39":5,"b:110:70:110:73":16,"s:111:2:122:Infinity":32,"f:125:22:125:41":6,"s:126:16:130:Infinity":33,"s:132:48:132:Infinity":34,"s:134:2:140:Infinity":35,"s:135:21:135:Infinity":36,"b:135:21:135:38:135:38:135:Infinity":17,"b:136:4:138:Infinity:undefined:undefined:undefined:undefined":18,"s:136:4:138:Infinity":37,"s:137:6:137:Infinity":38,"s:139:4:139:Infinity":39,"s:142:2:142:Infinity":40}}}
,"/home/cwnelson/Dev/portfolio/pantry-bot/src/services/spoonacular.service.ts": {"path":"/home/cwnelson/Dev/portfolio/pantry-bot/src/services/spoonacular.service.ts","statementMap":{"0":{"start":{"line":4,"column":2},"end":{"line":6,"column":null}},"1":{"start":{"line":5,"column":4},"end":{"line":5,"column":null}},"2":{"start":{"line":13,"column":2},"end":{"line":13,"column":null}},"3":{"start":{"line":15,"column":17},"end":{"line":15,"column":null}},"4":{"start":{"line":16,"column":14},"end":{"line":16,"column":null}},"5":{"start":{"line":18,"column":19},"end":{"line":18,"column":null}},"6":{"start":{"line":20,"column":2},"end":{"line":24,"column":null}},"7":{"start":{"line":21,"column":4},"end":{"line":23,"column":null}},"8":{"start":{"line":26,"column":2},"end":{"line":26,"column":null}},"9":{"start":{"line":30,"column":2},"end":{"line":30,"column":null}},"10":{"start":{"line":32,"column":14},"end":{"line":32,"column":null}},"11":{"start":{"line":34,"column":19},"end":{"line":34,"column":null}},"12":{"start":{"line":36,"column":2},"end":{"line":40,"column":null}},"13":{"start":{"line":37,"column":4},"end":{"line":39,"column":null}},"14":{"start":{"line":42,"column":2},"end":{"line":42,"column":null}},"15":{"start":{"line":49,"column":2},"end":{"line":49,"column":null}},"16":{"start":{"line":51,"column":17},"end":{"line":51,"column":null}},"17":{"start":{"line":52,"column":12},"end":{"line":52,"column":null}},"18":{"start":{"line":54,"column":2},"end":{"line":56,"column":null}},"19":{"start":{"line":55,"column":4},"end":{"line":55,"column":null}},"20":{"start":{"line":58,"column":2},"end":{"line":60,"column":null}},"21":{"start":{"line":59,"column":4},"end":{"line":59,"column":null}},"22":{"start":{"line":62,"column":19},"end":{"line":62,"column":null}},"23":{"start":{"line":64,"column":2},"end":{"line":68,"column":null}},"24":{"start":{"line":65,"column":4},"end":{"line":67,"column":null}},"25":{"start":{"line":70,"column":2},"end":{"line":70,"column":null}}},"fnMap":{"0":{"name":"ensureApiKey","decl":{"start":{"line":3,"column":9},"end":{"line":3,"column":24}},"loc":{"start":{"line":3,"column":24},"end":{"line":7,"column":null}},"line":3},"1":{"name":"findByIngredients","decl":{"start":{"line":9,"column":22},"end":{"line":9,"column":null}},"loc":{"start":{"line":12,"column":2},"end":{"line":27,"column":null}},"line":12},"2":{"name":"getRecipeDetails","decl":{"start":{"line":29,"column":22},"end":{"line":29,"column":39}},"loc":{"start":{"line":29,"column":51},"end":{"line":43,"column":null}},"line":29},"3":{"name":"searchRecipes","decl":{"start":{"line":45,"column":22},"end":{"line":45,"column":null}},"loc":{"start":{"line":48,"column":2},"end":{"line":71,"column":null}},"line":48}},"branchMap":{"0":{"loc":{"start":{"line":4,"column":2},"end":{"line":6,"column":null}},"type":"if","locations":[{"start":{"line":4,"column":2},"end":{"line":6,"column":null}},{"start":{},"end":{}}],"line":4},"1":{"loc":{"start":{"line":11,"column":2},"end":{"line":11,"column":null}},"type":"default-arg","locations":[{"start":{"line":11,"column":19},"end":{"line":11,"column":null}}],"line":11},"2":{"loc":{"start":{"line":20,"column":2},"end":{"line":24,"column":null}},"type":"if","locations":[{"start":{"line":20,"column":2},"end":{"line":24,"column":null}},{"start":{},"end":{}}],"line":20},"3":{"loc":{"start":{"line":36,"column":2},"end":{"line":40,"column":null}},"type":"if","locations":[{"start":{"line":36,"column":2},"end":{"line":40,"column":null}},{"start":{},"end":{}}],"line":36},"4":{"loc":{"start":{"line":51,"column":17},"end":{"line":51,"column":null}},"type":"binary-expr","locations":[{"start":{"line":51,"column":17},"end":{"line":51,"column":36}},{"start":{"line":51,"column":36},"end":{"line":51,"column":null}}],"line":51},"5":{"loc":{"start":{"line":54,"column":2},"end":{"line":56,"column":null}},"type":"if","locations":[{"start":{"line":54,"column":2},"end":{"line":56,"column":null}},{"start":{},"end":{}}],"line":54},"6":{"loc":{"start":{"line":58,"column":2},"end":{"line":60,"column":null}},"type":"if","locations":[{"start":{"line":58,"column":2},"end":{"line":60,"column":null}},{"start":{},"end":{}}],"line":58},"7":{"loc":{"start":{"line":64,"column":2},"end":{"line":68,"column":null}},"type":"if","locations":[{"start":{"line":64,"column":2},"end":{"line":68,"column":null}},{"start":{},"end":{}}],"line":64}},"s":{"0":8,"1":0,"2":3,"3":3,"4":3,"5":3,"6":3,"7":1,"8":2,"9":2,"10":2,"11":2,"12":2,"13":1,"14":1,"15":3,"16":3,"17":3,"18":3,"19":1,"20":3,"21":1,"22":3,"23":3,"24":1,"25":2},"f":{"0":8,"1":3,"2":2,"3":3},"b":{"0":[0,8],"1":[3],"2":[1,2],"3":[1,1],"4":[3,2],"5":[1,2],"6":[1,2],"7":[1,2]},"meta":{"lastBranch":8,"lastFunction":4,"lastStatement":26,"seen":{"f:3:9:3:24":0,"b:4:2:6:Infinity:undefined:undefined:undefined:undefined":0,"s:4:2:6:Infinity":0,"s:5:4:5:Infinity":1,"f:9:22:9:Infinity":1,"b:11:19:11:Infinity":1,"s:13:2:13:Infinity":2,"s:15:17:15:Infinity":3,"s:16:14:16:Infinity":4,"s:18:19:18:Infinity":5,"b:20:2:24:Infinity:undefined:undefined:undefined:undefined":2,"s:20:2:24:Infinity":6,"s:21:4:23:Infinity":7,"s:26:2:26:Infinity":8,"f:29:22:29:39":2,"s:30:2:30:Infinity":9,"s:32:14:32:Infinity":10,"s:34:19:34:Infinity":11,"b:36:2:40:Infinity:undefined:undefined:undefined:undefined":3,"s:36:2:40:Infinity":12,"s:37:4:39:Infinity":13,"s:42:2:42:Infinity":14,"f:45:22:45:Infinity":3,"s:49:2:49:Infinity":15,"s:51:17:51:Infinity":16,"b:51:17:51:36:51:36:51:Infinity":4,"s:52:12:52:Infinity":17,"b:54:2:56:Infinity:undefined:undefined:undefined:undefined":5,"s:54:2:56:Infinity":18,"s:55:4:55:Infinity":19,"b:58:2:60:Infinity:undefined:undefined:undefined:undefined":6,"s:58:2:60:Infinity":20,"s:59:4:59:Infinity":21,"s:62:19:62:Infinity":22,"b:64:2:68:Infinity:undefined:undefined:undefined:undefined":7,"s:64:2:68:Infinity":23,"s:65:4:67:Infinity":24,"s:70:2:70:Infinity":25}}}
,"/home/cwnelson/Dev/portfolio/pantry-bot/src/services/usda.service.ts": {"path":"/home/cwnelson/Dev/portfolio/pantry-bot/src/services/usda.service.ts","statementMap":{"0":{"start":{"line":4,"column":2},"end":{"line":6,"column":null}},"1":{"start":{"line":5,"column":4},"end":{"line":5,"column":null}},"2":{"start":{"line":10,"column":2},"end":{"line":10,"column":null}},"3":{"start":{"line":12,"column":14},"end":{"line":12,"column":null}},"4":{"start":{"line":14,"column":19},"end":{"line":14,"column":null}},"5":{"start":{"line":16,"column":2},"end":{"line":20,"column":null}},"6":{"start":{"line":17,"column":4},"end":{"line":19,"column":null}},"7":{"start":{"line":22,"column":15},"end":{"line":22,"column":null}},"8":{"start":{"line":23,"column":2},"end":{"line":23,"column":null}},"9":{"start":{"line":27,"column":2},"end":{"line":27,"column":null}},"10":{"start":{"line":29,"column":14},"end":{"line":29,"column":null}},"11":{"start":{"line":31,"column":19},"end":{"line":31,"column":null}},"12":{"start":{"line":33,"column":2},"end":{"line":37,"column":null}},"13":{"start":{"line":34,"column":4},"end":{"line":36,"column":null}},"14":{"start":{"line":39,"column":2},"end":{"line":39,"column":null}},"15":{"start":{"line":57,"column":57},"end":{"line":71,"column":null}},"16":{"start":{"line":74,"column":15},"end":{"line":74,"column":null}},"17":{"start":{"line":76,"column":34},"end":{"line":89,"column":null}},"18":{"start":{"line":91,"column":2},"end":{"line":93,"column":null}},"19":{"start":{"line":92,"column":4},"end":{"line":92,"column":null}},"20":{"start":{"line":95,"column":2},"end":{"line":105,"column":null}},"21":{"start":{"line":96,"column":17},"end":{"line":96,"column":null}},"22":{"start":{"line":97,"column":19},"end":{"line":97,"column":null}},"23":{"start":{"line":99,"column":4},"end":{"line":104,"column":null}},"24":{"start":{"line":100,"column":18},"end":{"line":100,"column":null}},"25":{"start":{"line":101,"column":6},"end":{"line":103,"column":null}},"26":{"start":{"line":102,"column":8},"end":{"line":102,"column":null}},"27":{"start":{"line":107,"column":2},"end":{"line":107,"column":null}},"28":{"start":{"line":111,"column":34},"end":{"line":124,"column":null}},"29":{"start":{"line":126,"column":2},"end":{"line":128,"column":null}},"30":{"start":{"line":127,"column":4},"end":{"line":127,"column":null}},"31":{"start":{"line":130,"column":2},"end":{"line":141,"column":null}},"32":{"start":{"line":132,"column":17},"end":{"line":132,"column":null}},"33":{"start":{"line":133,"column":19},"end":{"line":133,"column":null}},"34":{"start":{"line":135,"column":4},"end":{"line":140,"column":null}},"35":{"start":{"line":136,"column":18},"end":{"line":136,"column":null}},"36":{"start":{"line":137,"column":6},"end":{"line":139,"column":null}},"37":{"start":{"line":138,"column":8},"end":{"line":138,"column":null}},"38":{"start":{"line":143,"column":2},"end":{"line":143,"column":null}}},"fnMap":{"0":{"name":"ensureApiKey","decl":{"start":{"line":3,"column":9},"end":{"line":3,"column":24}},"loc":{"start":{"line":3,"column":24},"end":{"line":7,"column":null}},"line":3},"1":{"name":"searchFoods","decl":{"start":{"line":9,"column":22},"end":{"line":9,"column":34}},"loc":{"start":{"line":9,"column":72},"end":{"line":24,"column":null}},"line":9},"2":{"name":"getFoodDetails","decl":{"start":{"line":26,"column":22},"end":{"line":26,"column":37}},"loc":{"start":{"line":26,"column":52},"end":{"line":40,"column":null}},"line":26},"3":{"name":"getNutrients","decl":{"start":{"line":73,"column":22},"end":{"line":73,"column":35}},"loc":{"start":{"line":73,"column":73},"end":{"line":108,"column":null}},"line":73},"4":{"name":"extractNutrientsFromSearchResult","decl":{"start":{"line":110,"column":16},"end":{"line":110,"column":49}},"loc":{"start":{"line":110,"column":74},"end":{"line":144,"column":null}},"line":110}},"branchMap":{"0":{"loc":{"start":{"line":4,"column":2},"end":{"line":6,"column":null}},"type":"if","locations":[{"start":{"line":4,"column":2},"end":{"line":6,"column":null}},{"start":{},"end":{}}],"line":4},"1":{"loc":{"start":{"line":9,"column":49},"end":{"line":9,"column":72}},"type":"default-arg","locations":[{"start":{"line":9,"column":68},"end":{"line":9,"column":72}}],"line":9},"2":{"loc":{"start":{"line":16,"column":2},"end":{"line":20,"column":null}},"type":"if","locations":[{"start":{"line":16,"column":2},"end":{"line":20,"column":null}},{"start":{},"end":{}}],"line":16},"3":{"loc":{"start":{"line":33,"column":2},"end":{"line":37,"column":null}},"type":"if","locations":[{"start":{"line":33,"column":2},"end":{"line":37,"column":null}},{"start":{},"end":{}}],"line":33},"4":{"loc":{"start":{"line":91,"column":2},"end":{"line":93,"column":null}},"type":"if","locations":[{"start":{"line":91,"column":2},"end":{"line":93,"column":null}},{"start":{},"end":{}}],"line":91},"5":{"loc":{"start":{"line":91,"column":6},"end":{"line":91,"column":65}},"type":"binary-expr","locations":[{"start":{"line":91,"column":6},"end":{"line":91,"column":29}},{"start":{"line":91,"column":29},"end":{"line":91,"column":65}}],"line":91},"6":{"loc":{"start":{"line":96,"column":17},"end":{"line":96,"column":null}},"type":"binary-expr","locations":[{"start":{"line":96,"column":17},"end":{"line":96,"column":38}},{"start":{"line":96,"column":38},"end":{"line":96,"column":null}}],"line":96},"7":{"loc":{"start":{"line":99,"column":4},"end":{"line":104,"column":null}},"type":"if","locations":[{"start":{"line":99,"column":4},"end":{"line":104,"column":null}},{"start":{},"end":{}}],"line":99},"8":{"loc":{"start":{"line":99,"column":8},"end":{"line":99,"column":38}},"type":"binary-expr","locations":[{"start":{"line":99,"column":8},"end":{"line":99,"column":16}},{"start":{"line":99,"column":16},"end":{"line":99,"column":38}}],"line":99},"9":{"loc":{"start":{"line":101,"column":6},"end":{"line":103,"column":null}},"type":"if","locations":[{"start":{"line":101,"column":6},"end":{"line":103,"column":null}},{"start":{},"end":{}}],"line":101},"10":{"loc":{"start":{"line":101,"column":10},"end":{"line":101,"column":42}},"type":"binary-expr","locations":[{"start":{"line":101,"column":10},"end":{"line":101,"column":17}},{"start":{"line":101,"column":17},"end":{"line":101,"column":42}}],"line":101},"11":{"loc":{"start":{"line":126,"column":2},"end":{"line":128,"column":null}},"type":"if","locations":[{"start":{"line":126,"column":2},"end":{"line":128,"column":null}},{"start":{},"end":{}}],"line":126},"12":{"loc":{"start":{"line":126,"column":6},"end":{"line":126,"column":65}},"type":"binary-expr","locations":[{"start":{"line":126,"column":6},"end":{"line":126,"column":29}},{"start":{"line":126,"column":29},"end":{"line":126,"column":65}}],"line":126},"13":{"loc":{"start":{"line":132,"column":17},"end":{"line":132,"column":null}},"type":"binary-expr","locations":[{"start":{"line":132,"column":17},"end":{"line":132,"column":36}},{"start":{"line":132,"column":36},"end":{"line":132,"column":57}},{"start":{"line":132,"column":57},"end":{"line":132,"column":null}}],"line":132},"14":{"loc":{"start":{"line":133,"column":19},"end":{"line":133,"column":null}},"type":"binary-expr","locations":[{"start":{"line":133,"column":19},"end":{"line":133,"column":31}},{"start":{"line":133,"column":31},"end":{"line":133,"column":null}}],"line":133},"15":{"loc":{"start":{"line":135,"column":4},"end":{"line":140,"column":null}},"type":"if","locations":[{"start":{"line":135,"column":4},"end":{"line":140,"column":null}},{"start":{},"end":{}}],"line":135},"16":{"loc":{"start":{"line":135,"column":8},"end":{"line":135,"column":38}},"type":"binary-expr","locations":[{"start":{"line":135,"column":8},"end":{"line":135,"column":16}},{"start":{"line":135,"column":16},"end":{"line":135,"column":38}}],"line":135},"17":{"loc":{"start":{"line":137,"column":6},"end":{"line":139,"column":null}},"type":"if","locations":[{"start":{"line":137,"column":6},"end":{"line":139,"column":null}},{"start":{},"end":{}}],"line":137},"18":{"loc":{"start":{"line":137,"column":10},"end":{"line":137,"column":42}},"type":"binary-expr","locations":[{"start":{"line":137,"column":10},"end":{"line":137,"column":17}},{"start":{"line":137,"column":17},"end":{"line":137,"column":42}}],"line":137}},"s":{"0":5,"1":0,"2":2,"3":2,"4":2,"5":2,"6":1,"7":1,"8":1,"9":3,"10":3,"11":3,"12":3,"13":0,"14":3,"15":7,"16":2,"17":2,"18":2,"19":1,"20":1,"21":2,"22":2,"23":2,"24":2,"25":2,"26":2,"27":1,"28":6,"29":6,"30":1,"31":5,"32":17,"33":17,"34":17,"35":17,"36":17,"37":16,"38":5},"f":{"0":5,"1":2,"2":3,"3":2,"4":6},"b":{"0":[0,5],"1":[2],"2":[1,1],"3":[0,3],"4":[1,1],"5":[2,1],"6":[2,0],"7":[2,0],"8":[2,2],"9":[2,0],"10":[2,2],"11":[1,5],"12":[6,5],"13":[17,2,0],"14":[17,2],"15":[17,0],"16":[17,17],"17":[16,1],"18":[17,17]},"meta":{"lastBranch":19,"lastFunction":5,"lastStatement":39,"seen":{"f:3:9:3:24":0,"b:4:2:6:Infinity:undefined:undefined:undefined:undefined":0,"s:4:2:6:Infinity":0,"s:5:4:5:Infinity":1,"f:9:22:9:34":1,"b:9:68:9:72":1,"s:10:2:10:Infinity":2,"s:12:14:12:Infinity":3,"s:14:19:14:Infinity":4,"b:16:2:20:Infinity:undefined:undefined:undefined:undefined":2,"s:16:2:20:Infinity":5,"s:17:4:19:Infinity":6,"s:22:15:22:Infinity":7,"s:23:2:23:Infinity":8,"f:26:22:26:37":2,"s:27:2:27:Infinity":9,"s:29:14:29:Infinity":10,"s:31:19:31:Infinity":11,"b:33:2:37:Infinity:undefined:undefined:undefined:undefined":3,"s:33:2:37:Infinity":12,"s:34:4:36:Infinity":13,"s:39:2:39:Infinity":14,"s:57:57:71:Infinity":15,"f:73:22:73:35":3,"s:74:15:74:Infinity":16,"s:76:34:89:Infinity":17,"b:91:2:93:Infinity:undefined:undefined:undefined:undefined":4,"s:91:2:93:Infinity":18,"b:91:6:91:29:91:29:91:65":5,"s:92:4:92:Infinity":19,"s:95:2:105:Infinity":20,"s:96:17:96:Infinity":21,"b:96:17:96:38:96:38:96:Infinity":6,"s:97:19:97:Infinity":22,"b:99:4:104:Infinity:undefined:undefined:undefined:undefined":7,"s:99:4:104:Infinity":23,"b:99:8:99:16:99:16:99:38":8,"s:100:18:100:Infinity":24,"b:101:6:103:Infinity:undefined:undefined:undefined:undefined":9,"s:101:6:103:Infinity":25,"b:101:10:101:17:101:17:101:42":10,"s:102:8:102:Infinity":26,"s:107:2:107:Infinity":27,"f:110:16:110:49":4,"s:111:34:124:Infinity":28,"b:126:2:128:Infinity:undefined:undefined:undefined:undefined":11,"s:126:2:128:Infinity":29,"b:126:6:126:29:126:29:126:65":12,"s:127:4:127:Infinity":30,"s:130:2:141:Infinity":31,"s:132:17:132:Infinity":32,"b:132:17:132:36:132:36:132:57:132:57:132:Infinity":13,"s:133:19:133:Infinity":33,"b:133:19:133:31:133:31:133:Infinity":14,"b:135:4:140:Infinity:undefined:undefined:undefined:undefined":15,"s:135:4:140:Infinity":34,"b:135:8:135:16:135:16:135:38":16,"s:136:18:136:Infinity":35,"b:137:6:139:Infinity:undefined:undefined:undefined:undefined":17,"s:137:6:139:Infinity":36,"b:137:10:137:17:137:17:137:42":18,"s:138:8:138:Infinity":37,"s:143:2:143:Infinity":38}}}
}
